[2025-03-03 23:32:48,376][INFO] step 0: train loss 4.6631, val loss 4.6632
[2025-03-03 23:32:51,649][INFO] iter 0: loss 4.6627
[2025-03-03 23:33:00,805][INFO] iter 100: loss 4.4786
[2025-03-03 23:33:10,136][INFO] iter 200: loss 3.5934
[2025-03-03 23:33:19,398][INFO] iter 300: loss 2.4499
[2025-03-03 23:33:28,696][INFO] iter 400: loss 2.1635
[2025-03-03 23:33:38,037][INFO] iter 500: loss 2.1322
[2025-03-03 23:33:47,437][INFO] iter 600: loss 2.1176
[2025-03-03 23:33:56,865][INFO] iter 700: loss 2.0993
[2025-03-03 23:34:06,325][INFO] iter 800: loss 2.0817
[2025-03-03 23:34:15,827][INFO] iter 900: loss 2.0606
[2025-03-03 23:35:31,041][INFO] step 1000: train loss 2.0478, val loss 2.0481
[2025-03-03 23:35:31,042][INFO] saving checkpoint to out/list_1_1_120_100_list
[2025-03-03 23:35:31,187][INFO] iter 1000: loss 2.0458
[2025-03-03 23:35:40,672][INFO] iter 1100: loss 2.0359
[2025-03-03 23:35:50,150][INFO] iter 1200: loss 2.0242
[2025-03-03 23:35:59,621][INFO] iter 1300: loss 2.0045
[2025-03-03 23:36:09,067][INFO] iter 1400: loss 1.9967
[2025-03-03 23:36:18,506][INFO] iter 1500: loss 1.9818
[2025-03-03 23:36:27,932][INFO] iter 1600: loss 1.9668
[2025-03-03 23:36:37,357][INFO] iter 1700: loss 1.9648
[2025-03-03 23:36:46,790][INFO] iter 1800: loss 1.9469
[2025-03-03 23:36:56,230][INFO] iter 1900: loss 1.9407
[2025-03-03 23:38:11,667][INFO] step 2000: train loss 1.9351, val loss 1.9340
[2025-03-03 23:38:11,668][INFO] saving checkpoint to out/list_1_1_120_100_list
[2025-03-03 23:38:11,791][INFO] iter 2000: loss 1.9398
[2025-03-03 23:38:21,245][INFO] iter 2100: loss 1.9296
[2025-03-03 23:38:30,730][INFO] iter 2200: loss 1.9175
[2025-03-03 23:38:40,186][INFO] iter 2300: loss 1.9165
[2025-03-03 23:38:49,639][INFO] iter 2400: loss 1.9063
[2025-03-03 23:38:59,076][INFO] iter 2500: loss 1.8983
[2025-03-03 23:39:08,519][INFO] iter 2600: loss 1.8916
[2025-03-03 23:39:17,975][INFO] iter 2700: loss 1.8795
[2025-03-03 23:39:27,412][INFO] iter 2800: loss 1.8791
[2025-03-03 23:39:36,848][INFO] iter 2900: loss 1.8802
[2025-03-03 23:40:51,705][INFO] step 3000: train loss 1.8723, val loss 1.8717
[2025-03-03 23:40:51,706][INFO] saving checkpoint to out/list_1_1_120_100_list
[2025-03-03 23:40:51,822][INFO] iter 3000: loss 1.8785
[2025-03-03 23:41:01,280][INFO] iter 3100: loss 1.8708
[2025-03-03 23:41:10,746][INFO] iter 3200: loss 1.8667
[2025-03-03 23:41:20,226][INFO] iter 3300: loss 1.8642
[2025-03-03 23:41:29,681][INFO] iter 3400: loss 1.8516
[2025-03-03 23:41:39,132][INFO] iter 3500: loss 1.8496
[2025-03-03 23:41:48,572][INFO] iter 3600: loss 1.8462
[2025-03-03 23:41:58,014][INFO] iter 3700: loss 1.8391
[2025-03-03 23:42:07,462][INFO] iter 3800: loss 1.8415
[2025-03-03 23:42:16,903][INFO] iter 3900: loss 1.8397
[2025-03-03 23:43:31,768][INFO] step 4000: train loss 1.8359, val loss 1.8358
[2025-03-03 23:43:31,769][INFO] saving checkpoint to out/list_1_1_120_100_list
[2025-03-03 23:43:31,885][INFO] iter 4000: loss 1.8311
[2025-03-03 23:43:41,351][INFO] iter 4100: loss 1.8392
[2025-03-03 23:43:50,812][INFO] iter 4200: loss 1.8348
[2025-03-03 23:44:00,263][INFO] iter 4300: loss 1.8271
[2025-03-03 23:44:09,737][INFO] iter 4400: loss 1.8260
[2025-03-03 23:44:19,179][INFO] iter 4500: loss 1.8212
[2025-03-03 23:44:28,616][INFO] iter 4600: loss 1.8222
[2025-03-03 23:44:38,051][INFO] iter 4700: loss 1.8211
[2025-03-03 23:44:47,486][INFO] iter 4800: loss 1.8077
[2025-03-03 23:44:56,950][INFO] iter 4900: loss 1.8140
[2025-03-03 23:46:11,773][INFO] step 5000: train loss 1.8117, val loss 1.8113
[2025-03-03 23:46:11,774][INFO] saving checkpoint to out/list_1_1_120_100_list
[2025-03-03 23:46:11,888][INFO] iter 5000: loss 1.8153
[2025-03-03 23:46:21,345][INFO] iter 5100: loss 1.8144
[2025-03-03 23:46:30,815][INFO] iter 5200: loss 1.8126
[2025-03-03 23:46:40,280][INFO] iter 5300: loss 1.8069
[2025-03-03 23:46:49,734][INFO] iter 5400: loss 1.7935
[2025-03-03 23:46:59,191][INFO] iter 5500: loss 1.8134
[2025-03-03 23:47:08,630][INFO] iter 5600: loss 1.7992
[2025-03-03 23:47:18,062][INFO] iter 5700: loss 1.7912
[2025-03-03 23:47:27,501][INFO] iter 5800: loss 1.7963
[2025-03-03 23:47:36,939][INFO] iter 5900: loss 1.8047
[2025-03-03 23:48:52,159][INFO] step 6000: train loss 1.7946, val loss 1.7946
[2025-03-03 23:48:52,160][INFO] saving checkpoint to out/list_1_1_120_100_list
[2025-03-03 23:48:52,284][INFO] iter 6000: loss 1.7936
[2025-03-03 23:49:01,740][INFO] iter 6100: loss 1.7962
[2025-03-03 23:49:11,228][INFO] iter 6200: loss 1.7904
[2025-03-03 23:49:20,691][INFO] iter 6300: loss 1.7987
[2025-03-03 23:49:30,147][INFO] iter 6400: loss 1.7977
[2025-03-03 23:49:39,593][INFO] iter 6500: loss 1.7875
[2025-03-03 23:49:49,055][INFO] iter 6600: loss 1.7805
[2025-03-03 23:49:58,494][INFO] iter 6700: loss 1.7912
[2025-03-03 23:50:07,932][INFO] iter 6800: loss 1.7908
[2025-03-03 23:50:17,375][INFO] iter 6900: loss 1.7852
[2025-03-03 23:51:32,804][INFO] step 7000: train loss 1.7828, val loss 1.7829
[2025-03-03 23:51:32,804][INFO] saving checkpoint to out/list_1_1_120_100_list
[2025-03-03 23:51:32,928][INFO] iter 7000: loss 1.7828
[2025-03-03 23:51:42,391][INFO] iter 7100: loss 1.7801
[2025-03-03 23:51:51,874][INFO] iter 7200: loss 1.7737
[2025-03-03 23:52:01,362][INFO] iter 7300: loss 1.7844
[2025-03-03 23:52:10,818][INFO] iter 7400: loss 1.7789
[2025-03-03 23:52:20,266][INFO] iter 7500: loss 1.7752
[2025-03-03 23:52:29,708][INFO] iter 7600: loss 1.7859
[2025-03-03 23:52:39,174][INFO] iter 7700: loss 1.7805
[2025-03-03 23:52:48,606][INFO] iter 7800: loss 1.7717
[2025-03-03 23:52:58,046][INFO] iter 7900: loss 1.7670
[2025-03-03 23:54:12,835][INFO] step 8000: train loss 1.7750, val loss 1.7743
[2025-03-03 23:54:12,836][INFO] saving checkpoint to out/list_1_1_120_100_list
[2025-03-03 23:54:12,950][INFO] iter 8000: loss 1.7737
[2025-03-03 23:54:22,408][INFO] iter 8100: loss 1.7745
[2025-03-03 23:54:31,862][INFO] iter 8200: loss 1.7719
[2025-03-03 23:54:41,315][INFO] iter 8300: loss 1.7662
[2025-03-03 23:54:50,790][INFO] iter 8400: loss 1.7739
[2025-03-03 23:55:00,230][INFO] iter 8500: loss 1.7740
[2025-03-03 23:55:09,666][INFO] iter 8600: loss 1.7764
[2025-03-03 23:55:19,102][INFO] iter 8700: loss 1.7713
[2025-03-03 23:55:28,569][INFO] iter 8800: loss 1.7698
[2025-03-03 23:55:38,008][INFO] iter 8900: loss 1.7657
[2025-03-03 23:56:52,545][INFO] step 9000: train loss 1.7702, val loss 1.7701
[2025-03-03 23:56:52,546][INFO] saving checkpoint to out/list_1_1_120_100_list
[2025-03-03 23:56:52,662][INFO] iter 9000: loss 1.7721
[2025-03-03 23:57:02,117][INFO] iter 9100: loss 1.7695
[2025-03-03 23:57:11,577][INFO] iter 9200: loss 1.7663
[2025-03-03 23:57:21,025][INFO] iter 9300: loss 1.7650
[2025-03-03 23:57:30,475][INFO] iter 9400: loss 1.7711
[2025-03-03 23:57:39,938][INFO] iter 9500: loss 1.7697
[2025-03-03 23:57:49,375][INFO] iter 9600: loss 1.7639
[2025-03-03 23:57:58,808][INFO] iter 9700: loss 1.7700
[2025-03-03 23:58:08,242][INFO] iter 9800: loss 1.7705
[2025-03-03 23:58:17,699][INFO] iter 9900: loss 1.7694
[2025-03-03 23:59:32,774][INFO] step 10000: train loss 1.7673, val loss 1.7672
[2025-03-03 23:59:32,774][INFO] saving checkpoint to out/list_1_1_120_100_list
[2025-03-03 23:59:32,891][INFO] iter 10000: loss 1.7725
[2025-03-03 23:59:33,052][DEBUG] Loaded backend module://matplotlib_inline.backend_inline version unknown.
[2025-03-03 23:59:33,065][DEBUG] findfont: Matching sans\-serif:style=normal:variant=normal:weight=normal:stretch=normal:size=10.0.
[2025-03-03 23:59:33,066][DEBUG] findfont: score(FontEntry(fname='/usr/local/lib/python3.11/dist-packages/matplotlib/mpl-data/fonts/ttf/DejaVuSans-Oblique.ttf', name='DejaVu Sans', style='oblique', variant='normal', weight=400, stretch='normal', size='scalable')) = 1.05
[2025-03-03 23:59:33,066][DEBUG] findfont: score(FontEntry(fname='/usr/local/lib/python3.11/dist-packages/matplotlib/mpl-data/fonts/ttf/DejaVuSansMono-Oblique.ttf', name='DejaVu Sans Mono', style='oblique', variant='normal', weight=400, stretch='normal', size='scalable')) = 11.05
[2025-03-03 23:59:33,066][DEBUG] findfont: score(FontEntry(fname='/usr/local/lib/python3.11/dist-packages/matplotlib/mpl-data/fonts/ttf/STIXSizTwoSymBol.ttf', name='STIXSizeTwoSym', style='normal', variant='normal', weight=700, stretch='normal', size='scalable')) = 10.335
[2025-03-03 23:59:33,066][DEBUG] findfont: score(FontEntry(fname='/usr/local/lib/python3.11/dist-packages/matplotlib/mpl-data/fonts/ttf/DejaVuSans.ttf', name='DejaVu Sans', style='normal', variant='normal', weight=400, stretch='normal', size='scalable')) = 0.05
[2025-03-03 23:59:33,066][DEBUG] findfont: score(FontEntry(fname='/usr/local/lib/python3.11/dist-packages/matplotlib/mpl-data/fonts/ttf/DejaVuSans-BoldOblique.ttf', name='DejaVu Sans', style='oblique', variant='normal', weight=700, stretch='normal', size='scalable')) = 1.335
[2025-03-03 23:59:33,066][DEBUG] findfont: score(FontEntry(fname='/usr/local/lib/python3.11/dist-packages/matplotlib/mpl-data/fonts/ttf/DejaVuSansMono-Bold.ttf', name='DejaVu Sans Mono', style='normal', variant='normal', weight=700, stretch='normal', size='scalable')) = 10.335
[2025-03-03 23:59:33,066][DEBUG] findfont: score(FontEntry(fname='/usr/local/lib/python3.11/dist-packages/matplotlib/mpl-data/fonts/ttf/STIXGeneralBolIta.ttf', name='STIXGeneral', style='italic', variant='normal', weight=700, stretch='normal', size='scalable')) = 11.335
[2025-03-03 23:59:33,066][DEBUG] findfont: score(FontEntry(fname='/usr/local/lib/python3.11/dist-packages/matplotlib/mpl-data/fonts/ttf/DejaVuSerif-Italic.ttf', name='DejaVu Serif', style='italic', variant='normal', weight=400, stretch='normal', size='scalable')) = 11.05
[2025-03-03 23:59:33,066][DEBUG] findfont: score(FontEntry(fname='/usr/local/lib/python3.11/dist-packages/matplotlib/mpl-data/fonts/ttf/cmb10.ttf', name='cmb10', style='normal', variant='normal', weight=400, stretch='normal', size='scalable')) = 10.05
[2025-03-03 23:59:33,066][DEBUG] findfont: score(FontEntry(fname='/usr/local/lib/python3.11/dist-packages/matplotlib/mpl-data/fonts/ttf/STIXSizThreeSymReg.ttf', name='STIXSizeThreeSym', style='normal', variant='normal', weight=400, stretch='normal', size='scalable')) = 10.05
[2025-03-03 23:59:33,066][DEBUG] findfont: score(FontEntry(fname='/usr/local/lib/python3.11/dist-packages/matplotlib/mpl-data/fonts/ttf/STIXGeneral.ttf', name='STIXGeneral', style='normal', variant='normal', weight=400, stretch='normal', size='scalable')) = 10.05
[2025-03-03 23:59:33,066][DEBUG] findfont: score(FontEntry(fname='/usr/local/lib/python3.11/dist-packages/matplotlib/mpl-data/fonts/ttf/DejaVuSerif.ttf', name='DejaVu Serif', style='normal', variant='normal', weight=400, stretch='normal', size='scalable')) = 10.05
[2025-03-03 23:59:33,066][DEBUG] findfont: score(FontEntry(fname='/usr/local/lib/python3.11/dist-packages/matplotlib/mpl-data/fonts/ttf/DejaVuSansDisplay.ttf', name='DejaVu Sans Display', style='normal', variant='normal', weight=400, stretch='normal', size='scalable')) = 10.05
[2025-03-03 23:59:33,066][DEBUG] findfont: score(FontEntry(fname='/usr/local/lib/python3.11/dist-packages/matplotlib/mpl-data/fonts/ttf/STIXNonUni.ttf', name='STIXNonUnicode', style='normal', variant='normal', weight=400, stretch='normal', size='scalable')) = 10.05
[2025-03-03 23:59:33,066][DEBUG] findfont: score(FontEntry(fname='/usr/local/lib/python3.11/dist-packages/matplotlib/mpl-data/fonts/ttf/DejaVuSerif-Bold.ttf', name='DejaVu Serif', style='normal', variant='normal', weight=700, stretch='normal', size='scalable')) = 10.335
[2025-03-03 23:59:33,066][DEBUG] findfont: score(FontEntry(fname='/usr/local/lib/python3.11/dist-packages/matplotlib/mpl-data/fonts/ttf/cmss10.ttf', name='cmss10', style='normal', variant='normal', weight=400, stretch='normal', size='scalable')) = 10.05
[2025-03-03 23:59:33,066][DEBUG] findfont: score(FontEntry(fname='/usr/local/lib/python3.11/dist-packages/matplotlib/mpl-data/fonts/ttf/STIXSizFourSymBol.ttf', name='STIXSizeFourSym', style='normal', variant='normal', weight=700, stretch='normal', size='scalable')) = 10.335
[2025-03-03 23:59:33,067][DEBUG] findfont: score(FontEntry(fname='/usr/local/lib/python3.11/dist-packages/matplotlib/mpl-data/fonts/ttf/STIXSizThreeSymBol.ttf', name='STIXSizeThreeSym', style='normal', variant='normal', weight=700, stretch='normal', size='scalable')) = 10.335
[2025-03-03 23:59:33,067][DEBUG] findfont: score(FontEntry(fname='/usr/local/lib/python3.11/dist-packages/matplotlib/mpl-data/fonts/ttf/cmsy10.ttf', name='cmsy10', style='normal', variant='normal', weight=400, stretch='normal', size='scalable')) = 10.05
[2025-03-03 23:59:33,067][DEBUG] findfont: score(FontEntry(fname='/usr/local/lib/python3.11/dist-packages/matplotlib/mpl-data/fonts/ttf/STIXSizFiveSymReg.ttf', name='STIXSizeFiveSym', style='normal', variant='normal', weight=400, stretch='normal', size='scalable')) = 10.05
[2025-03-03 23:59:33,067][DEBUG] findfont: score(FontEntry(fname='/usr/local/lib/python3.11/dist-packages/matplotlib/mpl-data/fonts/ttf/cmex10.ttf', name='cmex10', style='normal', variant='normal', weight=400, stretch='normal', size='scalable')) = 10.05
[2025-03-03 23:59:33,067][DEBUG] findfont: score(FontEntry(fname='/usr/local/lib/python3.11/dist-packages/matplotlib/mpl-data/fonts/ttf/cmtt10.ttf', name='cmtt10', style='normal', variant='normal', weight=400, stretch='normal', size='scalable')) = 10.05
[2025-03-03 23:59:33,067][DEBUG] findfont: score(FontEntry(fname='/usr/local/lib/python3.11/dist-packages/matplotlib/mpl-data/fonts/ttf/STIXNonUniBolIta.ttf', name='STIXNonUnicode', style='italic', variant='normal', weight=700, stretch='normal', size='scalable')) = 11.335
[2025-03-03 23:59:33,067][DEBUG] findfont: score(FontEntry(fname='/usr/local/lib/python3.11/dist-packages/matplotlib/mpl-data/fonts/ttf/STIXGeneralItalic.ttf', name='STIXGeneral', style='italic', variant='normal', weight=400, stretch='normal', size='scalable')) = 11.05
[2025-03-03 23:59:33,067][DEBUG] findfont: score(FontEntry(fname='/usr/local/lib/python3.11/dist-packages/matplotlib/mpl-data/fonts/ttf/STIXGeneralBol.ttf', name='STIXGeneral', style='normal', variant='normal', weight=700, stretch='normal', size='scalable')) = 10.335
[2025-03-03 23:59:33,067][DEBUG] findfont: score(FontEntry(fname='/usr/local/lib/python3.11/dist-packages/matplotlib/mpl-data/fonts/ttf/STIXNonUniIta.ttf', name='STIXNonUnicode', style='italic', variant='normal', weight=400, stretch='normal', size='scalable')) = 11.05
[2025-03-03 23:59:33,067][DEBUG] findfont: score(FontEntry(fname='/usr/local/lib/python3.11/dist-packages/matplotlib/mpl-data/fonts/ttf/DejaVuSansMono-BoldOblique.ttf', name='DejaVu Sans Mono', style='oblique', variant='normal', weight=700, stretch='normal', size='scalable')) = 11.335
[2025-03-03 23:59:33,067][DEBUG] findfont: score(FontEntry(fname='/usr/local/lib/python3.11/dist-packages/matplotlib/mpl-data/fonts/ttf/STIXSizOneSymBol.ttf', name='STIXSizeOneSym', style='normal', variant='normal', weight=700, stretch='normal', size='scalable')) = 10.335
[2025-03-03 23:59:33,067][DEBUG] findfont: score(FontEntry(fname='/usr/local/lib/python3.11/dist-packages/matplotlib/mpl-data/fonts/ttf/DejaVuSerif-BoldItalic.ttf', name='DejaVu Serif', style='italic', variant='normal', weight=700, stretch='normal', size='scalable')) = 11.335
[2025-03-03 23:59:33,067][DEBUG] findfont: score(FontEntry(fname='/usr/local/lib/python3.11/dist-packages/matplotlib/mpl-data/fonts/ttf/STIXSizTwoSymReg.ttf', name='STIXSizeTwoSym', style='normal', variant='normal', weight=400, stretch='normal', size='scalable')) = 10.05
[2025-03-03 23:59:33,067][DEBUG] findfont: score(FontEntry(fname='/usr/local/lib/python3.11/dist-packages/matplotlib/mpl-data/fonts/ttf/STIXSizOneSymReg.ttf', name='STIXSizeOneSym', style='normal', variant='normal', weight=400, stretch='normal', size='scalable')) = 10.05
[2025-03-03 23:59:33,067][DEBUG] findfont: score(FontEntry(fname='/usr/local/lib/python3.11/dist-packages/matplotlib/mpl-data/fonts/ttf/STIXSizFourSymReg.ttf', name='STIXSizeFourSym', style='normal', variant='normal', weight=400, stretch='normal', size='scalable')) = 10.05
[2025-03-03 23:59:33,067][DEBUG] findfont: score(FontEntry(fname='/usr/local/lib/python3.11/dist-packages/matplotlib/mpl-data/fonts/ttf/DejaVuSans-Bold.ttf', name='DejaVu Sans', style='normal', variant='normal', weight=700, stretch='normal', size='scalable')) = 0.33499999999999996
[2025-03-03 23:59:33,067][DEBUG] findfont: score(FontEntry(fname='/usr/local/lib/python3.11/dist-packages/matplotlib/mpl-data/fonts/ttf/cmmi10.ttf', name='cmmi10', style='normal', variant='normal', weight=400, stretch='normal', size='scalable')) = 10.05
[2025-03-03 23:59:33,067][DEBUG] findfont: score(FontEntry(fname='/usr/local/lib/python3.11/dist-packages/matplotlib/mpl-data/fonts/ttf/DejaVuSerifDisplay.ttf', name='DejaVu Serif Display', style='normal', variant='normal', weight=400, stretch='normal', size='scalable')) = 10.05
[2025-03-03 23:59:33,067][DEBUG] findfont: score(FontEntry(fname='/usr/local/lib/python3.11/dist-packages/matplotlib/mpl-data/fonts/ttf/cmr10.ttf', name='cmr10', style='normal', variant='normal', weight=400, stretch='normal', size='scalable')) = 10.05
[2025-03-03 23:59:33,067][DEBUG] findfont: score(FontEntry(fname='/usr/local/lib/python3.11/dist-packages/matplotlib/mpl-data/fonts/ttf/DejaVuSansMono.ttf', name='DejaVu Sans Mono', style='normal', variant='normal', weight=400, stretch='normal', size='scalable')) = 10.05
[2025-03-03 23:59:33,067][DEBUG] findfont: score(FontEntry(fname='/usr/local/lib/python3.11/dist-packages/matplotlib/mpl-data/fonts/ttf/STIXNonUniBol.ttf', name='STIXNonUnicode', style='normal', variant='normal', weight=700, stretch='normal', size='scalable')) = 10.335
[2025-03-03 23:59:33,067][DEBUG] findfont: score(FontEntry(fname='/usr/share/fonts/truetype/liberation/LiberationSans-Regular.ttf', name='Liberation Sans', style='normal', variant='normal', weight=400, stretch='normal', size='scalable')) = 10.05
[2025-03-03 23:59:33,067][DEBUG] findfont: score(FontEntry(fname='/usr/share/fonts/truetype/liberation/LiberationSerif-Regular.ttf', name='Liberation Serif', style='normal', variant='normal', weight=400, stretch='normal', size='scalable')) = 10.05
[2025-03-03 23:59:33,067][DEBUG] findfont: score(FontEntry(fname='/usr/share/fonts/truetype/liberation/LiberationSansNarrow-Bold.ttf', name='Liberation Sans Narrow', style='normal', variant='normal', weight=700, stretch='condensed', size='scalable')) = 10.535
[2025-03-03 23:59:33,067][DEBUG] findfont: score(FontEntry(fname='/usr/share/fonts/truetype/liberation/LiberationMono-Italic.ttf', name='Liberation Mono', style='italic', variant='normal', weight=400, stretch='normal', size='scalable')) = 11.05
[2025-03-03 23:59:33,067][DEBUG] findfont: score(FontEntry(fname='/usr/share/fonts/truetype/liberation/LiberationSansNarrow-BoldItalic.ttf', name='Liberation Sans Narrow', style='italic', variant='normal', weight=700, stretch='condensed', size='scalable')) = 11.535
[2025-03-03 23:59:33,067][DEBUG] findfont: score(FontEntry(fname='/usr/share/fonts/truetype/liberation/LiberationSansNarrow-Italic.ttf', name='Liberation Sans Narrow', style='italic', variant='normal', weight=400, stretch='condensed', size='scalable')) = 11.25
[2025-03-03 23:59:33,067][DEBUG] findfont: score(FontEntry(fname='/usr/share/fonts/truetype/liberation/LiberationSans-BoldItalic.ttf', name='Liberation Sans', style='italic', variant='normal', weight=700, stretch='normal', size='scalable')) = 11.335
[2025-03-03 23:59:33,068][DEBUG] findfont: score(FontEntry(fname='/usr/share/fonts/truetype/liberation/LiberationMono-BoldItalic.ttf', name='Liberation Mono', style='italic', variant='normal', weight=700, stretch='normal', size='scalable')) = 11.335
[2025-03-03 23:59:33,068][DEBUG] findfont: score(FontEntry(fname='/usr/share/fonts/truetype/liberation/LiberationSans-Italic.ttf', name='Liberation Sans', style='italic', variant='normal', weight=400, stretch='normal', size='scalable')) = 11.05
[2025-03-03 23:59:33,068][DEBUG] findfont: score(FontEntry(fname='/usr/share/fonts/truetype/liberation/LiberationSansNarrow-Regular.ttf', name='Liberation Sans Narrow', style='normal', variant='normal', weight=400, stretch='condensed', size='scalable')) = 10.25
[2025-03-03 23:59:33,068][DEBUG] findfont: score(FontEntry(fname='/usr/share/fonts/truetype/liberation/LiberationSerif-BoldItalic.ttf', name='Liberation Serif', style='italic', variant='normal', weight=700, stretch='normal', size='scalable')) = 11.335
[2025-03-03 23:59:33,068][DEBUG] findfont: score(FontEntry(fname='/usr/share/fonts/truetype/humor-sans/Humor-Sans.ttf', name='Humor Sans', style='normal', variant='normal', weight=400, stretch='normal', size='scalable')) = 10.05
[2025-03-03 23:59:33,068][DEBUG] findfont: score(FontEntry(fname='/usr/share/fonts/truetype/liberation/LiberationMono-Regular.ttf', name='Liberation Mono', style='normal', variant='normal', weight=400, stretch='normal', size='scalable')) = 10.05
[2025-03-03 23:59:33,068][DEBUG] findfont: score(FontEntry(fname='/usr/share/fonts/truetype/liberation/LiberationSans-Bold.ttf', name='Liberation Sans', style='normal', variant='normal', weight=700, stretch='normal', size='scalable')) = 10.335
[2025-03-03 23:59:33,068][DEBUG] findfont: score(FontEntry(fname='/usr/share/fonts/truetype/liberation/LiberationSerif-Italic.ttf', name='Liberation Serif', style='italic', variant='normal', weight=400, stretch='normal', size='scalable')) = 11.05
[2025-03-03 23:59:33,068][DEBUG] findfont: score(FontEntry(fname='/usr/share/fonts/truetype/liberation/LiberationSerif-Bold.ttf', name='Liberation Serif', style='normal', variant='normal', weight=700, stretch='normal', size='scalable')) = 10.335
[2025-03-03 23:59:33,068][DEBUG] findfont: score(FontEntry(fname='/usr/share/fonts/truetype/liberation/LiberationMono-Bold.ttf', name='Liberation Mono', style='normal', variant='normal', weight=700, stretch='normal', size='scalable')) = 10.335
[2025-03-03 23:59:33,068][DEBUG] findfont: Matching sans\-serif:style=normal:variant=normal:weight=normal:stretch=normal:size=10.0 to DejaVu Sans ('/usr/local/lib/python3.11/dist-packages/matplotlib/mpl-data/fonts/ttf/DejaVuSans.ttf') with score of 0.050000.
[2025-03-03 23:59:33,126][DEBUG] findfont: Matching sans\-serif:style=normal:variant=normal:weight=normal:stretch=normal:size=12.0.
[2025-03-03 23:59:33,126][DEBUG] findfont: score(FontEntry(fname='/usr/local/lib/python3.11/dist-packages/matplotlib/mpl-data/fonts/ttf/DejaVuSans-Oblique.ttf', name='DejaVu Sans', style='oblique', variant='normal', weight=400, stretch='normal', size='scalable')) = 1.05
[2025-03-03 23:59:33,126][DEBUG] findfont: score(FontEntry(fname='/usr/local/lib/python3.11/dist-packages/matplotlib/mpl-data/fonts/ttf/DejaVuSansMono-Oblique.ttf', name='DejaVu Sans Mono', style='oblique', variant='normal', weight=400, stretch='normal', size='scalable')) = 11.05
[2025-03-03 23:59:33,126][DEBUG] findfont: score(FontEntry(fname='/usr/local/lib/python3.11/dist-packages/matplotlib/mpl-data/fonts/ttf/STIXSizTwoSymBol.ttf', name='STIXSizeTwoSym', style='normal', variant='normal', weight=700, stretch='normal', size='scalable')) = 10.335
[2025-03-03 23:59:33,126][DEBUG] findfont: score(FontEntry(fname='/usr/local/lib/python3.11/dist-packages/matplotlib/mpl-data/fonts/ttf/DejaVuSans.ttf', name='DejaVu Sans', style='normal', variant='normal', weight=400, stretch='normal', size='scalable')) = 0.05
[2025-03-03 23:59:33,126][DEBUG] findfont: score(FontEntry(fname='/usr/local/lib/python3.11/dist-packages/matplotlib/mpl-data/fonts/ttf/DejaVuSans-BoldOblique.ttf', name='DejaVu Sans', style='oblique', variant='normal', weight=700, stretch='normal', size='scalable')) = 1.335
[2025-03-03 23:59:33,126][DEBUG] findfont: score(FontEntry(fname='/usr/local/lib/python3.11/dist-packages/matplotlib/mpl-data/fonts/ttf/DejaVuSansMono-Bold.ttf', name='DejaVu Sans Mono', style='normal', variant='normal', weight=700, stretch='normal', size='scalable')) = 10.335
[2025-03-03 23:59:33,127][DEBUG] findfont: score(FontEntry(fname='/usr/local/lib/python3.11/dist-packages/matplotlib/mpl-data/fonts/ttf/STIXGeneralBolIta.ttf', name='STIXGeneral', style='italic', variant='normal', weight=700, stretch='normal', size='scalable')) = 11.335
[2025-03-03 23:59:33,127][DEBUG] findfont: score(FontEntry(fname='/usr/local/lib/python3.11/dist-packages/matplotlib/mpl-data/fonts/ttf/DejaVuSerif-Italic.ttf', name='DejaVu Serif', style='italic', variant='normal', weight=400, stretch='normal', size='scalable')) = 11.05
[2025-03-03 23:59:33,127][DEBUG] findfont: score(FontEntry(fname='/usr/local/lib/python3.11/dist-packages/matplotlib/mpl-data/fonts/ttf/cmb10.ttf', name='cmb10', style='normal', variant='normal', weight=400, stretch='normal', size='scalable')) = 10.05
[2025-03-03 23:59:33,127][DEBUG] findfont: score(FontEntry(fname='/usr/local/lib/python3.11/dist-packages/matplotlib/mpl-data/fonts/ttf/STIXSizThreeSymReg.ttf', name='STIXSizeThreeSym', style='normal', variant='normal', weight=400, stretch='normal', size='scalable')) = 10.05
[2025-03-03 23:59:33,127][DEBUG] findfont: score(FontEntry(fname='/usr/local/lib/python3.11/dist-packages/matplotlib/mpl-data/fonts/ttf/STIXGeneral.ttf', name='STIXGeneral', style='normal', variant='normal', weight=400, stretch='normal', size='scalable')) = 10.05
[2025-03-03 23:59:33,127][DEBUG] findfont: score(FontEntry(fname='/usr/local/lib/python3.11/dist-packages/matplotlib/mpl-data/fonts/ttf/DejaVuSerif.ttf', name='DejaVu Serif', style='normal', variant='normal', weight=400, stretch='normal', size='scalable')) = 10.05
[2025-03-03 23:59:33,127][DEBUG] findfont: score(FontEntry(fname='/usr/local/lib/python3.11/dist-packages/matplotlib/mpl-data/fonts/ttf/DejaVuSansDisplay.ttf', name='DejaVu Sans Display', style='normal', variant='normal', weight=400, stretch='normal', size='scalable')) = 10.05
[2025-03-03 23:59:33,127][DEBUG] findfont: score(FontEntry(fname='/usr/local/lib/python3.11/dist-packages/matplotlib/mpl-data/fonts/ttf/STIXNonUni.ttf', name='STIXNonUnicode', style='normal', variant='normal', weight=400, stretch='normal', size='scalable')) = 10.05
[2025-03-03 23:59:33,127][DEBUG] findfont: score(FontEntry(fname='/usr/local/lib/python3.11/dist-packages/matplotlib/mpl-data/fonts/ttf/DejaVuSerif-Bold.ttf', name='DejaVu Serif', style='normal', variant='normal', weight=700, stretch='normal', size='scalable')) = 10.335
[2025-03-03 23:59:33,127][DEBUG] findfont: score(FontEntry(fname='/usr/local/lib/python3.11/dist-packages/matplotlib/mpl-data/fonts/ttf/cmss10.ttf', name='cmss10', style='normal', variant='normal', weight=400, stretch='normal', size='scalable')) = 10.05
[2025-03-03 23:59:33,127][DEBUG] findfont: score(FontEntry(fname='/usr/local/lib/python3.11/dist-packages/matplotlib/mpl-data/fonts/ttf/STIXSizFourSymBol.ttf', name='STIXSizeFourSym', style='normal', variant='normal', weight=700, stretch='normal', size='scalable')) = 10.335
[2025-03-03 23:59:33,127][DEBUG] findfont: score(FontEntry(fname='/usr/local/lib/python3.11/dist-packages/matplotlib/mpl-data/fonts/ttf/STIXSizThreeSymBol.ttf', name='STIXSizeThreeSym', style='normal', variant='normal', weight=700, stretch='normal', size='scalable')) = 10.335
[2025-03-03 23:59:33,127][DEBUG] findfont: score(FontEntry(fname='/usr/local/lib/python3.11/dist-packages/matplotlib/mpl-data/fonts/ttf/cmsy10.ttf', name='cmsy10', style='normal', variant='normal', weight=400, stretch='normal', size='scalable')) = 10.05
[2025-03-03 23:59:33,127][DEBUG] findfont: score(FontEntry(fname='/usr/local/lib/python3.11/dist-packages/matplotlib/mpl-data/fonts/ttf/STIXSizFiveSymReg.ttf', name='STIXSizeFiveSym', style='normal', variant='normal', weight=400, stretch='normal', size='scalable')) = 10.05
[2025-03-03 23:59:33,127][DEBUG] findfont: score(FontEntry(fname='/usr/local/lib/python3.11/dist-packages/matplotlib/mpl-data/fonts/ttf/cmex10.ttf', name='cmex10', style='normal', variant='normal', weight=400, stretch='normal', size='scalable')) = 10.05
[2025-03-03 23:59:33,127][DEBUG] findfont: score(FontEntry(fname='/usr/local/lib/python3.11/dist-packages/matplotlib/mpl-data/fonts/ttf/cmtt10.ttf', name='cmtt10', style='normal', variant='normal', weight=400, stretch='normal', size='scalable')) = 10.05
[2025-03-03 23:59:33,127][DEBUG] findfont: score(FontEntry(fname='/usr/local/lib/python3.11/dist-packages/matplotlib/mpl-data/fonts/ttf/STIXNonUniBolIta.ttf', name='STIXNonUnicode', style='italic', variant='normal', weight=700, stretch='normal', size='scalable')) = 11.335
[2025-03-03 23:59:33,127][DEBUG] findfont: score(FontEntry(fname='/usr/local/lib/python3.11/dist-packages/matplotlib/mpl-data/fonts/ttf/STIXGeneralItalic.ttf', name='STIXGeneral', style='italic', variant='normal', weight=400, stretch='normal', size='scalable')) = 11.05
[2025-03-03 23:59:33,127][DEBUG] findfont: score(FontEntry(fname='/usr/local/lib/python3.11/dist-packages/matplotlib/mpl-data/fonts/ttf/STIXGeneralBol.ttf', name='STIXGeneral', style='normal', variant='normal', weight=700, stretch='normal', size='scalable')) = 10.335
[2025-03-03 23:59:33,128][DEBUG] findfont: score(FontEntry(fname='/usr/local/lib/python3.11/dist-packages/matplotlib/mpl-data/fonts/ttf/STIXNonUniIta.ttf', name='STIXNonUnicode', style='italic', variant='normal', weight=400, stretch='normal', size='scalable')) = 11.05
[2025-03-03 23:59:33,128][DEBUG] findfont: score(FontEntry(fname='/usr/local/lib/python3.11/dist-packages/matplotlib/mpl-data/fonts/ttf/DejaVuSansMono-BoldOblique.ttf', name='DejaVu Sans Mono', style='oblique', variant='normal', weight=700, stretch='normal', size='scalable')) = 11.335
[2025-03-03 23:59:33,128][DEBUG] findfont: score(FontEntry(fname='/usr/local/lib/python3.11/dist-packages/matplotlib/mpl-data/fonts/ttf/STIXSizOneSymBol.ttf', name='STIXSizeOneSym', style='normal', variant='normal', weight=700, stretch='normal', size='scalable')) = 10.335
[2025-03-03 23:59:33,128][DEBUG] findfont: score(FontEntry(fname='/usr/local/lib/python3.11/dist-packages/matplotlib/mpl-data/fonts/ttf/DejaVuSerif-BoldItalic.ttf', name='DejaVu Serif', style='italic', variant='normal', weight=700, stretch='normal', size='scalable')) = 11.335
[2025-03-03 23:59:33,128][DEBUG] findfont: score(FontEntry(fname='/usr/local/lib/python3.11/dist-packages/matplotlib/mpl-data/fonts/ttf/STIXSizTwoSymReg.ttf', name='STIXSizeTwoSym', style='normal', variant='normal', weight=400, stretch='normal', size='scalable')) = 10.05
[2025-03-03 23:59:33,128][DEBUG] findfont: score(FontEntry(fname='/usr/local/lib/python3.11/dist-packages/matplotlib/mpl-data/fonts/ttf/STIXSizOneSymReg.ttf', name='STIXSizeOneSym', style='normal', variant='normal', weight=400, stretch='normal', size='scalable')) = 10.05
[2025-03-03 23:59:33,128][DEBUG] findfont: score(FontEntry(fname='/usr/local/lib/python3.11/dist-packages/matplotlib/mpl-data/fonts/ttf/STIXSizFourSymReg.ttf', name='STIXSizeFourSym', style='normal', variant='normal', weight=400, stretch='normal', size='scalable')) = 10.05
[2025-03-03 23:59:33,128][DEBUG] findfont: score(FontEntry(fname='/usr/local/lib/python3.11/dist-packages/matplotlib/mpl-data/fonts/ttf/DejaVuSans-Bold.ttf', name='DejaVu Sans', style='normal', variant='normal', weight=700, stretch='normal', size='scalable')) = 0.33499999999999996
[2025-03-03 23:59:33,128][DEBUG] findfont: score(FontEntry(fname='/usr/local/lib/python3.11/dist-packages/matplotlib/mpl-data/fonts/ttf/cmmi10.ttf', name='cmmi10', style='normal', variant='normal', weight=400, stretch='normal', size='scalable')) = 10.05
[2025-03-03 23:59:33,128][DEBUG] findfont: score(FontEntry(fname='/usr/local/lib/python3.11/dist-packages/matplotlib/mpl-data/fonts/ttf/DejaVuSerifDisplay.ttf', name='DejaVu Serif Display', style='normal', variant='normal', weight=400, stretch='normal', size='scalable')) = 10.05
[2025-03-03 23:59:33,128][DEBUG] findfont: score(FontEntry(fname='/usr/local/lib/python3.11/dist-packages/matplotlib/mpl-data/fonts/ttf/cmr10.ttf', name='cmr10', style='normal', variant='normal', weight=400, stretch='normal', size='scalable')) = 10.05
[2025-03-03 23:59:33,128][DEBUG] findfont: score(FontEntry(fname='/usr/local/lib/python3.11/dist-packages/matplotlib/mpl-data/fonts/ttf/DejaVuSansMono.ttf', name='DejaVu Sans Mono', style='normal', variant='normal', weight=400, stretch='normal', size='scalable')) = 10.05
[2025-03-03 23:59:33,128][DEBUG] findfont: score(FontEntry(fname='/usr/local/lib/python3.11/dist-packages/matplotlib/mpl-data/fonts/ttf/STIXNonUniBol.ttf', name='STIXNonUnicode', style='normal', variant='normal', weight=700, stretch='normal', size='scalable')) = 10.335
[2025-03-03 23:59:33,128][DEBUG] findfont: score(FontEntry(fname='/usr/share/fonts/truetype/liberation/LiberationSans-Regular.ttf', name='Liberation Sans', style='normal', variant='normal', weight=400, stretch='normal', size='scalable')) = 10.05
[2025-03-03 23:59:33,128][DEBUG] findfont: score(FontEntry(fname='/usr/share/fonts/truetype/liberation/LiberationSerif-Regular.ttf', name='Liberation Serif', style='normal', variant='normal', weight=400, stretch='normal', size='scalable')) = 10.05
[2025-03-03 23:59:33,128][DEBUG] findfont: score(FontEntry(fname='/usr/share/fonts/truetype/liberation/LiberationSansNarrow-Bold.ttf', name='Liberation Sans Narrow', style='normal', variant='normal', weight=700, stretch='condensed', size='scalable')) = 10.535
[2025-03-03 23:59:33,128][DEBUG] findfont: score(FontEntry(fname='/usr/share/fonts/truetype/liberation/LiberationMono-Italic.ttf', name='Liberation Mono', style='italic', variant='normal', weight=400, stretch='normal', size='scalable')) = 11.05
[2025-03-03 23:59:33,128][DEBUG] findfont: score(FontEntry(fname='/usr/share/fonts/truetype/liberation/LiberationSansNarrow-BoldItalic.ttf', name='Liberation Sans Narrow', style='italic', variant='normal', weight=700, stretch='condensed', size='scalable')) = 11.535
[2025-03-03 23:59:33,128][DEBUG] findfont: score(FontEntry(fname='/usr/share/fonts/truetype/liberation/LiberationSansNarrow-Italic.ttf', name='Liberation Sans Narrow', style='italic', variant='normal', weight=400, stretch='condensed', size='scalable')) = 11.25
[2025-03-03 23:59:33,129][DEBUG] findfont: score(FontEntry(fname='/usr/share/fonts/truetype/liberation/LiberationSans-BoldItalic.ttf', name='Liberation Sans', style='italic', variant='normal', weight=700, stretch='normal', size='scalable')) = 11.335
[2025-03-03 23:59:33,129][DEBUG] findfont: score(FontEntry(fname='/usr/share/fonts/truetype/liberation/LiberationMono-BoldItalic.ttf', name='Liberation Mono', style='italic', variant='normal', weight=700, stretch='normal', size='scalable')) = 11.335
[2025-03-03 23:59:33,129][DEBUG] findfont: score(FontEntry(fname='/usr/share/fonts/truetype/liberation/LiberationSans-Italic.ttf', name='Liberation Sans', style='italic', variant='normal', weight=400, stretch='normal', size='scalable')) = 11.05
[2025-03-03 23:59:33,129][DEBUG] findfont: score(FontEntry(fname='/usr/share/fonts/truetype/liberation/LiberationSansNarrow-Regular.ttf', name='Liberation Sans Narrow', style='normal', variant='normal', weight=400, stretch='condensed', size='scalable')) = 10.25
[2025-03-03 23:59:33,129][DEBUG] findfont: score(FontEntry(fname='/usr/share/fonts/truetype/liberation/LiberationSerif-BoldItalic.ttf', name='Liberation Serif', style='italic', variant='normal', weight=700, stretch='normal', size='scalable')) = 11.335
[2025-03-03 23:59:33,129][DEBUG] findfont: score(FontEntry(fname='/usr/share/fonts/truetype/humor-sans/Humor-Sans.ttf', name='Humor Sans', style='normal', variant='normal', weight=400, stretch='normal', size='scalable')) = 10.05
[2025-03-03 23:59:33,129][DEBUG] findfont: score(FontEntry(fname='/usr/share/fonts/truetype/liberation/LiberationMono-Regular.ttf', name='Liberation Mono', style='normal', variant='normal', weight=400, stretch='normal', size='scalable')) = 10.05
[2025-03-03 23:59:33,129][DEBUG] findfont: score(FontEntry(fname='/usr/share/fonts/truetype/liberation/LiberationSans-Bold.ttf', name='Liberation Sans', style='normal', variant='normal', weight=700, stretch='normal', size='scalable')) = 10.335
[2025-03-03 23:59:33,129][DEBUG] findfont: score(FontEntry(fname='/usr/share/fonts/truetype/liberation/LiberationSerif-Italic.ttf', name='Liberation Serif', style='italic', variant='normal', weight=400, stretch='normal', size='scalable')) = 11.05
[2025-03-03 23:59:33,129][DEBUG] findfont: score(FontEntry(fname='/usr/share/fonts/truetype/liberation/LiberationSerif-Bold.ttf', name='Liberation Serif', style='normal', variant='normal', weight=700, stretch='normal', size='scalable')) = 10.335
[2025-03-03 23:59:33,129][DEBUG] findfont: score(FontEntry(fname='/usr/share/fonts/truetype/liberation/LiberationMono-Bold.ttf', name='Liberation Mono', style='normal', variant='normal', weight=700, stretch='normal', size='scalable')) = 10.335
[2025-03-03 23:59:33,129][DEBUG] findfont: Matching sans\-serif:style=normal:variant=normal:weight=normal:stretch=normal:size=12.0 to DejaVu Sans ('/usr/local/lib/python3.11/dist-packages/matplotlib/mpl-data/fonts/ttf/DejaVuSans.ttf') with score of 0.050000.
