[2025-03-07 21:42:43,210][INFO] step 0: train loss 4.6527, val loss 4.6519
[2025-03-07 21:42:46,337][INFO] iter 0: loss 4.6546
[2025-03-07 21:42:50,900][INFO] iter 100: loss 3.7033
[2025-03-07 21:42:56,021][INFO] iter 200: loss 2.3783
[2025-03-07 21:43:00,616][INFO] iter 300: loss 1.3599
[2025-03-07 21:43:05,566][INFO] iter 400: loss 0.9952
[2025-03-07 21:43:10,197][INFO] iter 500: loss 0.9156
[2025-03-07 21:43:14,849][INFO] iter 600: loss 0.8738
[2025-03-07 21:43:20,055][INFO] iter 700: loss 0.8508
[2025-03-07 21:43:24,829][INFO] iter 800: loss 0.8406
[2025-03-07 21:43:29,839][INFO] iter 900: loss 0.8208
[2025-03-07 21:44:33,455][INFO] step 1000: train loss 0.8200, val loss 0.8194
[2025-03-07 21:44:33,456][INFO] saving checkpoint to out/simple_graph_1_1_120_100_path_intermediate
[2025-03-07 21:44:33,736][INFO] iter 1000: loss 0.8064
[2025-03-07 21:44:38,721][INFO] iter 1100: loss 0.8177
[2025-03-07 21:44:43,757][INFO] iter 1200: loss 0.7927
[2025-03-07 21:44:48,557][INFO] iter 1300: loss 0.8011
[2025-03-07 21:44:53,370][INFO] iter 1400: loss 0.7952
[2025-03-07 21:44:58,294][INFO] iter 1500: loss 0.7913
[2025-03-07 21:45:03,186][INFO] iter 1600: loss 0.7800
[2025-03-07 21:45:08,173][INFO] iter 1700: loss 0.7923
[2025-03-07 21:45:12,939][INFO] iter 1800: loss 0.7825
[2025-03-07 21:45:17,786][INFO] iter 1900: loss 0.7751
[2025-03-07 21:46:21,716][INFO] step 2000: train loss 0.7768, val loss 0.7765
[2025-03-07 21:46:21,716][INFO] saving checkpoint to out/simple_graph_1_1_120_100_path_intermediate
[2025-03-07 21:46:21,819][INFO] iter 2000: loss 0.7745
[2025-03-07 21:46:26,629][INFO] iter 2100: loss 0.7687
[2025-03-07 21:46:31,673][INFO] iter 2200: loss 0.7872
[2025-03-07 21:46:36,460][INFO] iter 2300: loss 0.7692
[2025-03-07 21:46:41,442][INFO] iter 2400: loss 0.7526
[2025-03-07 21:46:46,453][INFO] iter 2500: loss 0.7684
[2025-03-07 21:46:51,261][INFO] iter 2600: loss 0.7564
[2025-03-07 21:46:56,333][INFO] iter 2700: loss 0.7541
[2025-03-07 21:47:01,097][INFO] iter 2800: loss 0.7716
[2025-03-07 21:47:05,856][INFO] iter 2900: loss 0.7641
[2025-03-07 21:48:10,202][INFO] step 3000: train loss 0.7593, val loss 0.7589
[2025-03-07 21:48:10,203][INFO] saving checkpoint to out/simple_graph_1_1_120_100_path_intermediate
[2025-03-07 21:48:10,308][INFO] iter 3000: loss 0.7594
[2025-03-07 21:48:15,069][INFO] iter 3100: loss 0.7587
[2025-03-07 21:48:20,040][INFO] iter 3200: loss 0.7546
[2025-03-07 21:48:24,982][INFO] iter 3300: loss 0.7562
[2025-03-07 21:48:29,772][INFO] iter 3400: loss 0.7519
[2025-03-07 21:48:34,821][INFO] iter 3500: loss 0.7551
[2025-03-07 21:48:39,639][INFO] iter 3600: loss 0.7517
[2025-03-07 21:48:44,591][INFO] iter 3700: loss 0.7435
[2025-03-07 21:48:49,477][INFO] iter 3800: loss 0.7485
[2025-03-07 21:48:54,312][INFO] iter 3900: loss 0.7442
[2025-03-07 21:49:59,535][INFO] step 4000: train loss 0.7477, val loss 0.7471
[2025-03-07 21:49:59,536][INFO] saving checkpoint to out/simple_graph_1_1_120_100_path_intermediate
[2025-03-07 21:49:59,646][INFO] iter 4000: loss 0.7520
[2025-03-07 21:50:04,573][INFO] iter 4100: loss 0.7459
[2025-03-07 21:50:09,644][INFO] iter 4200: loss 0.7578
[2025-03-07 21:50:14,404][INFO] iter 4300: loss 0.7573
[2025-03-07 21:50:19,187][INFO] iter 4400: loss 0.7392
[2025-03-07 21:50:24,224][INFO] iter 4500: loss 0.7394
[2025-03-07 21:50:29,069][INFO] iter 4600: loss 0.7400
[2025-03-07 21:50:33,959][INFO] iter 4700: loss 0.7395
[2025-03-07 21:50:38,748][INFO] iter 4800: loss 0.7493
[2025-03-07 21:50:43,521][INFO] iter 4900: loss 0.7389
[2025-03-07 21:51:47,417][INFO] step 5000: train loss 0.7380, val loss 0.7373
[2025-03-07 21:51:47,418][INFO] saving checkpoint to out/simple_graph_1_1_120_100_path_intermediate
[2025-03-07 21:51:47,522][INFO] iter 5000: loss 0.7313
[2025-03-07 21:51:52,281][INFO] iter 5100: loss 0.7392
[2025-03-07 21:51:57,264][INFO] iter 5200: loss 0.7369
[2025-03-07 21:52:02,013][INFO] iter 5300: loss 0.7341
[2025-03-07 21:52:06,812][INFO] iter 5400: loss 0.7290
[2025-03-07 21:52:12,217][INFO] iter 5500: loss 0.7275
[2025-03-07 21:52:17,266][INFO] iter 5600: loss 0.7345
[2025-03-07 21:52:22,350][INFO] iter 5700: loss 0.7273
[2025-03-07 21:52:27,147][INFO] iter 5800: loss 0.7346
[2025-03-07 21:52:31,915][INFO] iter 5900: loss 0.7268
[2025-03-07 21:53:35,815][INFO] step 6000: train loss 0.7295, val loss 0.7287
[2025-03-07 21:53:35,816][INFO] saving checkpoint to out/simple_graph_1_1_120_100_path_intermediate
[2025-03-07 21:53:35,917][INFO] iter 6000: loss 0.7313
[2025-03-07 21:53:40,668][INFO] iter 6100: loss 0.7284
[2025-03-07 21:53:45,499][INFO] iter 6200: loss 0.7313
[2025-03-07 21:53:50,346][INFO] iter 6300: loss 0.7348
[2025-03-07 21:53:55,118][INFO] iter 6400: loss 0.7350
[2025-03-07 21:54:00,202][INFO] iter 6500: loss 0.7235
[2025-03-07 21:54:05,005][INFO] iter 6600: loss 0.7341
[2025-03-07 21:54:09,886][INFO] iter 6700: loss 0.7339
[2025-03-07 21:54:14,685][INFO] iter 6800: loss 0.7264
[2025-03-07 21:54:19,610][INFO] iter 6900: loss 0.7234
[2025-03-07 21:55:24,650][INFO] step 7000: train loss 0.7216, val loss 0.7214
[2025-03-07 21:55:24,651][INFO] saving checkpoint to out/simple_graph_1_1_120_100_path_intermediate
[2025-03-07 21:55:24,757][INFO] iter 7000: loss 0.7288
[2025-03-07 21:55:29,578][INFO] iter 7100: loss 0.7194
[2025-03-07 21:55:34,638][INFO] iter 7200: loss 0.7256
[2025-03-07 21:55:39,389][INFO] iter 7300: loss 0.7225
[2025-03-07 21:55:44,167][INFO] iter 7400: loss 0.7171
[2025-03-07 21:55:49,572][INFO] iter 7500: loss 0.7136
[2025-03-07 21:55:54,382][INFO] iter 7600: loss 0.7232
[2025-03-07 21:55:59,527][INFO] iter 7700: loss 0.7149
[2025-03-07 21:56:04,320][INFO] iter 7800: loss 0.7106
[2025-03-07 21:56:09,096][INFO] iter 7900: loss 0.7233
[2025-03-07 21:57:13,587][INFO] step 8000: train loss 0.7168, val loss 0.7159
[2025-03-07 21:57:13,587][INFO] saving checkpoint to out/simple_graph_1_1_120_100_path_intermediate
[2025-03-07 21:57:13,713][INFO] iter 8000: loss 0.7134
[2025-03-07 21:57:18,667][INFO] iter 8100: loss 0.7220
[2025-03-07 21:57:23,779][INFO] iter 8200: loss 0.7150
[2025-03-07 21:57:28,531][INFO] iter 8300: loss 0.7180
[2025-03-07 21:57:33,309][INFO] iter 8400: loss 0.7194
[2025-03-07 21:57:38,631][INFO] iter 8500: loss 0.7152
[2025-03-07 21:57:43,443][INFO] iter 8600: loss 0.7158
[2025-03-07 21:57:48,558][INFO] iter 8700: loss 0.7120
[2025-03-07 21:57:53,352][INFO] iter 8800: loss 0.7138
[2025-03-07 21:57:58,127][INFO] iter 8900: loss 0.7045
[2025-03-07 21:59:02,423][INFO] step 9000: train loss 0.7126, val loss 0.7121
[2025-03-07 21:59:02,423][INFO] saving checkpoint to out/simple_graph_1_1_120_100_path_intermediate
[2025-03-07 21:59:02,526][INFO] iter 9000: loss 0.7071
[2025-03-07 21:59:07,285][INFO] iter 9100: loss 0.7099
[2025-03-07 21:59:12,134][INFO] iter 9200: loss 0.7042
[2025-03-07 21:59:16,960][INFO] iter 9300: loss 0.7137
[2025-03-07 21:59:21,739][INFO] iter 9400: loss 0.7181
[2025-03-07 21:59:26,866][INFO] iter 9500: loss 0.7125
[2025-03-07 21:59:31,680][INFO] iter 9600: loss 0.7132
[2025-03-07 21:59:36,565][INFO] iter 9700: loss 0.7135
[2025-03-07 21:59:41,356][INFO] iter 9800: loss 0.7093
[2025-03-07 21:59:46,595][INFO] iter 9900: loss 0.7072
[2025-03-07 22:00:50,340][INFO] step 10000: train loss 0.7102, val loss 0.7100
[2025-03-07 22:00:50,340][INFO] saving checkpoint to out/simple_graph_1_1_120_100_path_intermediate
[2025-03-07 22:00:50,441][INFO] iter 10000: loss 0.7145
[2025-03-07 22:00:50,586][DEBUG] Loaded backend module://matplotlib_inline.backend_inline version unknown.
[2025-03-07 22:00:50,772][DEBUG] findfont: Matching sans\-serif:style=normal:variant=normal:weight=normal:stretch=normal:size=10.0.
[2025-03-07 22:00:50,772][DEBUG] findfont: score(FontEntry(fname='/usr/local/lib/python3.11/dist-packages/matplotlib/mpl-data/fonts/ttf/cmsy10.ttf', name='cmsy10', style='normal', variant='normal', weight=400, stretch='normal', size='scalable')) = 10.05
[2025-03-07 22:00:50,772][DEBUG] findfont: score(FontEntry(fname='/usr/local/lib/python3.11/dist-packages/matplotlib/mpl-data/fonts/ttf/DejaVuSansDisplay.ttf', name='DejaVu Sans Display', style='normal', variant='normal', weight=400, stretch='normal', size='scalable')) = 10.05
[2025-03-07 22:00:50,772][DEBUG] findfont: score(FontEntry(fname='/usr/local/lib/python3.11/dist-packages/matplotlib/mpl-data/fonts/ttf/DejaVuSansMono-BoldOblique.ttf', name='DejaVu Sans Mono', style='oblique', variant='normal', weight=700, stretch='normal', size='scalable')) = 11.335
[2025-03-07 22:00:50,772][DEBUG] findfont: score(FontEntry(fname='/usr/local/lib/python3.11/dist-packages/matplotlib/mpl-data/fonts/ttf/DejaVuSans-Bold.ttf', name='DejaVu Sans', style='normal', variant='normal', weight=700, stretch='normal', size='scalable')) = 0.33499999999999996
[2025-03-07 22:00:50,772][DEBUG] findfont: score(FontEntry(fname='/usr/local/lib/python3.11/dist-packages/matplotlib/mpl-data/fonts/ttf/DejaVuSans-Oblique.ttf', name='DejaVu Sans', style='oblique', variant='normal', weight=400, stretch='normal', size='scalable')) = 1.05
[2025-03-07 22:00:50,772][DEBUG] findfont: score(FontEntry(fname='/usr/local/lib/python3.11/dist-packages/matplotlib/mpl-data/fonts/ttf/DejaVuSerif.ttf', name='DejaVu Serif', style='normal', variant='normal', weight=400, stretch='normal', size='scalable')) = 10.05
[2025-03-07 22:00:50,773][DEBUG] findfont: score(FontEntry(fname='/usr/local/lib/python3.11/dist-packages/matplotlib/mpl-data/fonts/ttf/DejaVuSerif-BoldItalic.ttf', name='DejaVu Serif', style='italic', variant='normal', weight=700, stretch='normal', size='scalable')) = 11.335
[2025-03-07 22:00:50,773][DEBUG] findfont: score(FontEntry(fname='/usr/local/lib/python3.11/dist-packages/matplotlib/mpl-data/fonts/ttf/STIXSizOneSymBol.ttf', name='STIXSizeOneSym', style='normal', variant='normal', weight=700, stretch='normal', size='scalable')) = 10.335
[2025-03-07 22:00:50,773][DEBUG] findfont: score(FontEntry(fname='/usr/local/lib/python3.11/dist-packages/matplotlib/mpl-data/fonts/ttf/STIXSizFourSymReg.ttf', name='STIXSizeFourSym', style='normal', variant='normal', weight=400, stretch='normal', size='scalable')) = 10.05
[2025-03-07 22:00:50,773][DEBUG] findfont: score(FontEntry(fname='/usr/local/lib/python3.11/dist-packages/matplotlib/mpl-data/fonts/ttf/STIXGeneralBol.ttf', name='STIXGeneral', style='normal', variant='normal', weight=700, stretch='normal', size='scalable')) = 10.335
[2025-03-07 22:00:50,773][DEBUG] findfont: score(FontEntry(fname='/usr/local/lib/python3.11/dist-packages/matplotlib/mpl-data/fonts/ttf/DejaVuSansMono-Bold.ttf', name='DejaVu Sans Mono', style='normal', variant='normal', weight=700, stretch='normal', size='scalable')) = 10.335
[2025-03-07 22:00:50,773][DEBUG] findfont: score(FontEntry(fname='/usr/local/lib/python3.11/dist-packages/matplotlib/mpl-data/fonts/ttf/DejaVuSerifDisplay.ttf', name='DejaVu Serif Display', style='normal', variant='normal', weight=400, stretch='normal', size='scalable')) = 10.05
[2025-03-07 22:00:50,773][DEBUG] findfont: score(FontEntry(fname='/usr/local/lib/python3.11/dist-packages/matplotlib/mpl-data/fonts/ttf/cmr10.ttf', name='cmr10', style='normal', variant='normal', weight=400, stretch='normal', size='scalable')) = 10.05
[2025-03-07 22:00:50,773][DEBUG] findfont: score(FontEntry(fname='/usr/local/lib/python3.11/dist-packages/matplotlib/mpl-data/fonts/ttf/STIXNonUniIta.ttf', name='STIXNonUnicode', style='italic', variant='normal', weight=400, stretch='normal', size='scalable')) = 11.05
[2025-03-07 22:00:50,773][DEBUG] findfont: score(FontEntry(fname='/usr/local/lib/python3.11/dist-packages/matplotlib/mpl-data/fonts/ttf/cmmi10.ttf', name='cmmi10', style='normal', variant='normal', weight=400, stretch='normal', size='scalable')) = 10.05
[2025-03-07 22:00:50,773][DEBUG] findfont: score(FontEntry(fname='/usr/local/lib/python3.11/dist-packages/matplotlib/mpl-data/fonts/ttf/cmex10.ttf', name='cmex10', style='normal', variant='normal', weight=400, stretch='normal', size='scalable')) = 10.05
[2025-03-07 22:00:50,773][DEBUG] findfont: score(FontEntry(fname='/usr/local/lib/python3.11/dist-packages/matplotlib/mpl-data/fonts/ttf/STIXSizFiveSymReg.ttf', name='STIXSizeFiveSym', style='normal', variant='normal', weight=400, stretch='normal', size='scalable')) = 10.05
[2025-03-07 22:00:50,773][DEBUG] findfont: score(FontEntry(fname='/usr/local/lib/python3.11/dist-packages/matplotlib/mpl-data/fonts/ttf/STIXNonUni.ttf', name='STIXNonUnicode', style='normal', variant='normal', weight=400, stretch='normal', size='scalable')) = 10.05
[2025-03-07 22:00:50,773][DEBUG] findfont: score(FontEntry(fname='/usr/local/lib/python3.11/dist-packages/matplotlib/mpl-data/fonts/ttf/STIXGeneral.ttf', name='STIXGeneral', style='normal', variant='normal', weight=400, stretch='normal', size='scalable')) = 10.05
[2025-03-07 22:00:50,773][DEBUG] findfont: score(FontEntry(fname='/usr/local/lib/python3.11/dist-packages/matplotlib/mpl-data/fonts/ttf/DejaVuSans-BoldOblique.ttf', name='DejaVu Sans', style='oblique', variant='normal', weight=700, stretch='normal', size='scalable')) = 1.335
[2025-03-07 22:00:50,774][DEBUG] findfont: score(FontEntry(fname='/usr/local/lib/python3.11/dist-packages/matplotlib/mpl-data/fonts/ttf/STIXNonUniBol.ttf', name='STIXNonUnicode', style='normal', variant='normal', weight=700, stretch='normal', size='scalable')) = 10.335
[2025-03-07 22:00:50,774][DEBUG] findfont: score(FontEntry(fname='/usr/local/lib/python3.11/dist-packages/matplotlib/mpl-data/fonts/ttf/STIXGeneralBolIta.ttf', name='STIXGeneral', style='italic', variant='normal', weight=700, stretch='normal', size='scalable')) = 11.335
[2025-03-07 22:00:50,774][DEBUG] findfont: score(FontEntry(fname='/usr/local/lib/python3.11/dist-packages/matplotlib/mpl-data/fonts/ttf/STIXSizThreeSymBol.ttf', name='STIXSizeThreeSym', style='normal', variant='normal', weight=700, stretch='normal', size='scalable')) = 10.335
[2025-03-07 22:00:50,774][DEBUG] findfont: score(FontEntry(fname='/usr/local/lib/python3.11/dist-packages/matplotlib/mpl-data/fonts/ttf/cmb10.ttf', name='cmb10', style='normal', variant='normal', weight=400, stretch='normal', size='scalable')) = 10.05
[2025-03-07 22:00:50,774][DEBUG] findfont: score(FontEntry(fname='/usr/local/lib/python3.11/dist-packages/matplotlib/mpl-data/fonts/ttf/STIXNonUniBolIta.ttf', name='STIXNonUnicode', style='italic', variant='normal', weight=700, stretch='normal', size='scalable')) = 11.335
[2025-03-07 22:00:50,774][DEBUG] findfont: score(FontEntry(fname='/usr/local/lib/python3.11/dist-packages/matplotlib/mpl-data/fonts/ttf/STIXSizTwoSymReg.ttf', name='STIXSizeTwoSym', style='normal', variant='normal', weight=400, stretch='normal', size='scalable')) = 10.05
[2025-03-07 22:00:50,774][DEBUG] findfont: score(FontEntry(fname='/usr/local/lib/python3.11/dist-packages/matplotlib/mpl-data/fonts/ttf/STIXGeneralItalic.ttf', name='STIXGeneral', style='italic', variant='normal', weight=400, stretch='normal', size='scalable')) = 11.05
[2025-03-07 22:00:50,774][DEBUG] findfont: score(FontEntry(fname='/usr/local/lib/python3.11/dist-packages/matplotlib/mpl-data/fonts/ttf/cmss10.ttf', name='cmss10', style='normal', variant='normal', weight=400, stretch='normal', size='scalable')) = 10.05
[2025-03-07 22:00:50,774][DEBUG] findfont: score(FontEntry(fname='/usr/local/lib/python3.11/dist-packages/matplotlib/mpl-data/fonts/ttf/DejaVuSans.ttf', name='DejaVu Sans', style='normal', variant='normal', weight=400, stretch='normal', size='scalable')) = 0.05
[2025-03-07 22:00:50,774][DEBUG] findfont: score(FontEntry(fname='/usr/local/lib/python3.11/dist-packages/matplotlib/mpl-data/fonts/ttf/STIXSizThreeSymReg.ttf', name='STIXSizeThreeSym', style='normal', variant='normal', weight=400, stretch='normal', size='scalable')) = 10.05
[2025-03-07 22:00:50,774][DEBUG] findfont: score(FontEntry(fname='/usr/local/lib/python3.11/dist-packages/matplotlib/mpl-data/fonts/ttf/STIXSizTwoSymBol.ttf', name='STIXSizeTwoSym', style='normal', variant='normal', weight=700, stretch='normal', size='scalable')) = 10.335
[2025-03-07 22:00:50,774][DEBUG] findfont: score(FontEntry(fname='/usr/local/lib/python3.11/dist-packages/matplotlib/mpl-data/fonts/ttf/DejaVuSerif-Italic.ttf', name='DejaVu Serif', style='italic', variant='normal', weight=400, stretch='normal', size='scalable')) = 11.05
[2025-03-07 22:00:50,774][DEBUG] findfont: score(FontEntry(fname='/usr/local/lib/python3.11/dist-packages/matplotlib/mpl-data/fonts/ttf/STIXSizOneSymReg.ttf', name='STIXSizeOneSym', style='normal', variant='normal', weight=400, stretch='normal', size='scalable')) = 10.05
[2025-03-07 22:00:50,774][DEBUG] findfont: score(FontEntry(fname='/usr/local/lib/python3.11/dist-packages/matplotlib/mpl-data/fonts/ttf/DejaVuSansMono-Oblique.ttf', name='DejaVu Sans Mono', style='oblique', variant='normal', weight=400, stretch='normal', size='scalable')) = 11.05
[2025-03-07 22:00:50,774][DEBUG] findfont: score(FontEntry(fname='/usr/local/lib/python3.11/dist-packages/matplotlib/mpl-data/fonts/ttf/DejaVuSerif-Bold.ttf', name='DejaVu Serif', style='normal', variant='normal', weight=700, stretch='normal', size='scalable')) = 10.335
[2025-03-07 22:00:50,774][DEBUG] findfont: score(FontEntry(fname='/usr/local/lib/python3.11/dist-packages/matplotlib/mpl-data/fonts/ttf/STIXSizFourSymBol.ttf', name='STIXSizeFourSym', style='normal', variant='normal', weight=700, stretch='normal', size='scalable')) = 10.335
[2025-03-07 22:00:50,775][DEBUG] findfont: score(FontEntry(fname='/usr/local/lib/python3.11/dist-packages/matplotlib/mpl-data/fonts/ttf/cmtt10.ttf', name='cmtt10', style='normal', variant='normal', weight=400, stretch='normal', size='scalable')) = 10.05
[2025-03-07 22:00:50,775][DEBUG] findfont: score(FontEntry(fname='/usr/local/lib/python3.11/dist-packages/matplotlib/mpl-data/fonts/ttf/DejaVuSansMono.ttf', name='DejaVu Sans Mono', style='normal', variant='normal', weight=400, stretch='normal', size='scalable')) = 10.05
[2025-03-07 22:00:50,775][DEBUG] findfont: score(FontEntry(fname='/usr/share/fonts/truetype/liberation/LiberationMono-Italic.ttf', name='Liberation Mono', style='italic', variant='normal', weight=400, stretch='normal', size='scalable')) = 11.05
[2025-03-07 22:00:50,775][DEBUG] findfont: score(FontEntry(fname='/usr/share/fonts/truetype/liberation/LiberationSansNarrow-Italic.ttf', name='Liberation Sans Narrow', style='italic', variant='normal', weight=400, stretch='condensed', size='scalable')) = 11.25
[2025-03-07 22:00:50,775][DEBUG] findfont: score(FontEntry(fname='/usr/share/fonts/truetype/liberation/LiberationSansNarrow-Bold.ttf', name='Liberation Sans Narrow', style='normal', variant='normal', weight=700, stretch='condensed', size='scalable')) = 10.535
[2025-03-07 22:00:50,775][DEBUG] findfont: score(FontEntry(fname='/usr/share/fonts/truetype/liberation/LiberationSans-Bold.ttf', name='Liberation Sans', style='normal', variant='normal', weight=700, stretch='normal', size='scalable')) = 10.335
[2025-03-07 22:00:50,775][DEBUG] findfont: score(FontEntry(fname='/usr/share/fonts/truetype/liberation/LiberationSansNarrow-Regular.ttf', name='Liberation Sans Narrow', style='normal', variant='normal', weight=400, stretch='condensed', size='scalable')) = 10.25
[2025-03-07 22:00:50,775][DEBUG] findfont: score(FontEntry(fname='/usr/share/fonts/truetype/liberation/LiberationSerif-Bold.ttf', name='Liberation Serif', style='normal', variant='normal', weight=700, stretch='normal', size='scalable')) = 10.335
[2025-03-07 22:00:50,775][DEBUG] findfont: score(FontEntry(fname='/usr/share/fonts/truetype/liberation/LiberationMono-Bold.ttf', name='Liberation Mono', style='normal', variant='normal', weight=700, stretch='normal', size='scalable')) = 10.335
[2025-03-07 22:00:50,775][DEBUG] findfont: score(FontEntry(fname='/usr/share/fonts/truetype/liberation/LiberationSerif-Italic.ttf', name='Liberation Serif', style='italic', variant='normal', weight=400, stretch='normal', size='scalable')) = 11.05
[2025-03-07 22:00:50,775][DEBUG] findfont: score(FontEntry(fname='/usr/share/fonts/truetype/liberation/LiberationSans-BoldItalic.ttf', name='Liberation Sans', style='italic', variant='normal', weight=700, stretch='normal', size='scalable')) = 11.335
[2025-03-07 22:00:50,775][DEBUG] findfont: score(FontEntry(fname='/usr/share/fonts/truetype/liberation/LiberationMono-Regular.ttf', name='Liberation Mono', style='normal', variant='normal', weight=400, stretch='normal', size='scalable')) = 10.05
[2025-03-07 22:00:50,775][DEBUG] findfont: score(FontEntry(fname='/usr/share/fonts/truetype/liberation/LiberationMono-BoldItalic.ttf', name='Liberation Mono', style='italic', variant='normal', weight=700, stretch='normal', size='scalable')) = 11.335
[2025-03-07 22:00:50,775][DEBUG] findfont: score(FontEntry(fname='/usr/share/fonts/truetype/liberation/LiberationSerif-Regular.ttf', name='Liberation Serif', style='normal', variant='normal', weight=400, stretch='normal', size='scalable')) = 10.05
[2025-03-07 22:00:50,775][DEBUG] findfont: score(FontEntry(fname='/usr/share/fonts/truetype/liberation/LiberationSans-Italic.ttf', name='Liberation Sans', style='italic', variant='normal', weight=400, stretch='normal', size='scalable')) = 11.05
[2025-03-07 22:00:50,775][DEBUG] findfont: score(FontEntry(fname='/usr/share/fonts/truetype/liberation/LiberationSerif-BoldItalic.ttf', name='Liberation Serif', style='italic', variant='normal', weight=700, stretch='normal', size='scalable')) = 11.335
[2025-03-07 22:00:50,775][DEBUG] findfont: score(FontEntry(fname='/usr/share/fonts/truetype/humor-sans/Humor-Sans.ttf', name='Humor Sans', style='normal', variant='normal', weight=400, stretch='normal', size='scalable')) = 10.05
[2025-03-07 22:00:50,775][DEBUG] findfont: score(FontEntry(fname='/usr/share/fonts/truetype/liberation/LiberationSansNarrow-BoldItalic.ttf', name='Liberation Sans Narrow', style='italic', variant='normal', weight=700, stretch='condensed', size='scalable')) = 11.535
[2025-03-07 22:00:50,775][DEBUG] findfont: score(FontEntry(fname='/usr/share/fonts/truetype/liberation/LiberationSans-Regular.ttf', name='Liberation Sans', style='normal', variant='normal', weight=400, stretch='normal', size='scalable')) = 10.05
[2025-03-07 22:00:50,775][DEBUG] findfont: Matching sans\-serif:style=normal:variant=normal:weight=normal:stretch=normal:size=10.0 to DejaVu Sans ('/usr/local/lib/python3.11/dist-packages/matplotlib/mpl-data/fonts/ttf/DejaVuSans.ttf') with score of 0.050000.
[2025-03-07 22:00:50,837][DEBUG] findfont: Matching sans\-serif:style=normal:variant=normal:weight=normal:stretch=normal:size=12.0.
[2025-03-07 22:00:50,837][DEBUG] findfont: score(FontEntry(fname='/usr/local/lib/python3.11/dist-packages/matplotlib/mpl-data/fonts/ttf/cmsy10.ttf', name='cmsy10', style='normal', variant='normal', weight=400, stretch='normal', size='scalable')) = 10.05
[2025-03-07 22:00:50,837][DEBUG] findfont: score(FontEntry(fname='/usr/local/lib/python3.11/dist-packages/matplotlib/mpl-data/fonts/ttf/DejaVuSansDisplay.ttf', name='DejaVu Sans Display', style='normal', variant='normal', weight=400, stretch='normal', size='scalable')) = 10.05
[2025-03-07 22:00:50,837][DEBUG] findfont: score(FontEntry(fname='/usr/local/lib/python3.11/dist-packages/matplotlib/mpl-data/fonts/ttf/DejaVuSansMono-BoldOblique.ttf', name='DejaVu Sans Mono', style='oblique', variant='normal', weight=700, stretch='normal', size='scalable')) = 11.335
[2025-03-07 22:00:50,837][DEBUG] findfont: score(FontEntry(fname='/usr/local/lib/python3.11/dist-packages/matplotlib/mpl-data/fonts/ttf/DejaVuSans-Bold.ttf', name='DejaVu Sans', style='normal', variant='normal', weight=700, stretch='normal', size='scalable')) = 0.33499999999999996
[2025-03-07 22:00:50,837][DEBUG] findfont: score(FontEntry(fname='/usr/local/lib/python3.11/dist-packages/matplotlib/mpl-data/fonts/ttf/DejaVuSans-Oblique.ttf', name='DejaVu Sans', style='oblique', variant='normal', weight=400, stretch='normal', size='scalable')) = 1.05
[2025-03-07 22:00:50,837][DEBUG] findfont: score(FontEntry(fname='/usr/local/lib/python3.11/dist-packages/matplotlib/mpl-data/fonts/ttf/DejaVuSerif.ttf', name='DejaVu Serif', style='normal', variant='normal', weight=400, stretch='normal', size='scalable')) = 10.05
[2025-03-07 22:00:50,837][DEBUG] findfont: score(FontEntry(fname='/usr/local/lib/python3.11/dist-packages/matplotlib/mpl-data/fonts/ttf/DejaVuSerif-BoldItalic.ttf', name='DejaVu Serif', style='italic', variant='normal', weight=700, stretch='normal', size='scalable')) = 11.335
[2025-03-07 22:00:50,837][DEBUG] findfont: score(FontEntry(fname='/usr/local/lib/python3.11/dist-packages/matplotlib/mpl-data/fonts/ttf/STIXSizOneSymBol.ttf', name='STIXSizeOneSym', style='normal', variant='normal', weight=700, stretch='normal', size='scalable')) = 10.335
[2025-03-07 22:00:50,837][DEBUG] findfont: score(FontEntry(fname='/usr/local/lib/python3.11/dist-packages/matplotlib/mpl-data/fonts/ttf/STIXSizFourSymReg.ttf', name='STIXSizeFourSym', style='normal', variant='normal', weight=400, stretch='normal', size='scalable')) = 10.05
[2025-03-07 22:00:50,837][DEBUG] findfont: score(FontEntry(fname='/usr/local/lib/python3.11/dist-packages/matplotlib/mpl-data/fonts/ttf/STIXGeneralBol.ttf', name='STIXGeneral', style='normal', variant='normal', weight=700, stretch='normal', size='scalable')) = 10.335
[2025-03-07 22:00:50,837][DEBUG] findfont: score(FontEntry(fname='/usr/local/lib/python3.11/dist-packages/matplotlib/mpl-data/fonts/ttf/DejaVuSansMono-Bold.ttf', name='DejaVu Sans Mono', style='normal', variant='normal', weight=700, stretch='normal', size='scalable')) = 10.335
[2025-03-07 22:00:50,837][DEBUG] findfont: score(FontEntry(fname='/usr/local/lib/python3.11/dist-packages/matplotlib/mpl-data/fonts/ttf/DejaVuSerifDisplay.ttf', name='DejaVu Serif Display', style='normal', variant='normal', weight=400, stretch='normal', size='scalable')) = 10.05
[2025-03-07 22:00:50,837][DEBUG] findfont: score(FontEntry(fname='/usr/local/lib/python3.11/dist-packages/matplotlib/mpl-data/fonts/ttf/cmr10.ttf', name='cmr10', style='normal', variant='normal', weight=400, stretch='normal', size='scalable')) = 10.05
[2025-03-07 22:00:50,837][DEBUG] findfont: score(FontEntry(fname='/usr/local/lib/python3.11/dist-packages/matplotlib/mpl-data/fonts/ttf/STIXNonUniIta.ttf', name='STIXNonUnicode', style='italic', variant='normal', weight=400, stretch='normal', size='scalable')) = 11.05
[2025-03-07 22:00:50,838][DEBUG] findfont: score(FontEntry(fname='/usr/local/lib/python3.11/dist-packages/matplotlib/mpl-data/fonts/ttf/cmmi10.ttf', name='cmmi10', style='normal', variant='normal', weight=400, stretch='normal', size='scalable')) = 10.05
[2025-03-07 22:00:50,838][DEBUG] findfont: score(FontEntry(fname='/usr/local/lib/python3.11/dist-packages/matplotlib/mpl-data/fonts/ttf/cmex10.ttf', name='cmex10', style='normal', variant='normal', weight=400, stretch='normal', size='scalable')) = 10.05
[2025-03-07 22:00:50,838][DEBUG] findfont: score(FontEntry(fname='/usr/local/lib/python3.11/dist-packages/matplotlib/mpl-data/fonts/ttf/STIXSizFiveSymReg.ttf', name='STIXSizeFiveSym', style='normal', variant='normal', weight=400, stretch='normal', size='scalable')) = 10.05
[2025-03-07 22:00:50,838][DEBUG] findfont: score(FontEntry(fname='/usr/local/lib/python3.11/dist-packages/matplotlib/mpl-data/fonts/ttf/STIXNonUni.ttf', name='STIXNonUnicode', style='normal', variant='normal', weight=400, stretch='normal', size='scalable')) = 10.05
[2025-03-07 22:00:50,838][DEBUG] findfont: score(FontEntry(fname='/usr/local/lib/python3.11/dist-packages/matplotlib/mpl-data/fonts/ttf/STIXGeneral.ttf', name='STIXGeneral', style='normal', variant='normal', weight=400, stretch='normal', size='scalable')) = 10.05
[2025-03-07 22:00:50,838][DEBUG] findfont: score(FontEntry(fname='/usr/local/lib/python3.11/dist-packages/matplotlib/mpl-data/fonts/ttf/DejaVuSans-BoldOblique.ttf', name='DejaVu Sans', style='oblique', variant='normal', weight=700, stretch='normal', size='scalable')) = 1.335
[2025-03-07 22:00:50,838][DEBUG] findfont: score(FontEntry(fname='/usr/local/lib/python3.11/dist-packages/matplotlib/mpl-data/fonts/ttf/STIXNonUniBol.ttf', name='STIXNonUnicode', style='normal', variant='normal', weight=700, stretch='normal', size='scalable')) = 10.335
[2025-03-07 22:00:50,838][DEBUG] findfont: score(FontEntry(fname='/usr/local/lib/python3.11/dist-packages/matplotlib/mpl-data/fonts/ttf/STIXGeneralBolIta.ttf', name='STIXGeneral', style='italic', variant='normal', weight=700, stretch='normal', size='scalable')) = 11.335
[2025-03-07 22:00:50,838][DEBUG] findfont: score(FontEntry(fname='/usr/local/lib/python3.11/dist-packages/matplotlib/mpl-data/fonts/ttf/STIXSizThreeSymBol.ttf', name='STIXSizeThreeSym', style='normal', variant='normal', weight=700, stretch='normal', size='scalable')) = 10.335
[2025-03-07 22:00:50,838][DEBUG] findfont: score(FontEntry(fname='/usr/local/lib/python3.11/dist-packages/matplotlib/mpl-data/fonts/ttf/cmb10.ttf', name='cmb10', style='normal', variant='normal', weight=400, stretch='normal', size='scalable')) = 10.05
[2025-03-07 22:00:50,838][DEBUG] findfont: score(FontEntry(fname='/usr/local/lib/python3.11/dist-packages/matplotlib/mpl-data/fonts/ttf/STIXNonUniBolIta.ttf', name='STIXNonUnicode', style='italic', variant='normal', weight=700, stretch='normal', size='scalable')) = 11.335
[2025-03-07 22:00:50,838][DEBUG] findfont: score(FontEntry(fname='/usr/local/lib/python3.11/dist-packages/matplotlib/mpl-data/fonts/ttf/STIXSizTwoSymReg.ttf', name='STIXSizeTwoSym', style='normal', variant='normal', weight=400, stretch='normal', size='scalable')) = 10.05
[2025-03-07 22:00:50,838][DEBUG] findfont: score(FontEntry(fname='/usr/local/lib/python3.11/dist-packages/matplotlib/mpl-data/fonts/ttf/STIXGeneralItalic.ttf', name='STIXGeneral', style='italic', variant='normal', weight=400, stretch='normal', size='scalable')) = 11.05
[2025-03-07 22:00:50,838][DEBUG] findfont: score(FontEntry(fname='/usr/local/lib/python3.11/dist-packages/matplotlib/mpl-data/fonts/ttf/cmss10.ttf', name='cmss10', style='normal', variant='normal', weight=400, stretch='normal', size='scalable')) = 10.05
[2025-03-07 22:00:50,838][DEBUG] findfont: score(FontEntry(fname='/usr/local/lib/python3.11/dist-packages/matplotlib/mpl-data/fonts/ttf/DejaVuSans.ttf', name='DejaVu Sans', style='normal', variant='normal', weight=400, stretch='normal', size='scalable')) = 0.05
[2025-03-07 22:00:50,838][DEBUG] findfont: score(FontEntry(fname='/usr/local/lib/python3.11/dist-packages/matplotlib/mpl-data/fonts/ttf/STIXSizThreeSymReg.ttf', name='STIXSizeThreeSym', style='normal', variant='normal', weight=400, stretch='normal', size='scalable')) = 10.05
[2025-03-07 22:00:50,838][DEBUG] findfont: score(FontEntry(fname='/usr/local/lib/python3.11/dist-packages/matplotlib/mpl-data/fonts/ttf/STIXSizTwoSymBol.ttf', name='STIXSizeTwoSym', style='normal', variant='normal', weight=700, stretch='normal', size='scalable')) = 10.335
[2025-03-07 22:00:50,838][DEBUG] findfont: score(FontEntry(fname='/usr/local/lib/python3.11/dist-packages/matplotlib/mpl-data/fonts/ttf/DejaVuSerif-Italic.ttf', name='DejaVu Serif', style='italic', variant='normal', weight=400, stretch='normal', size='scalable')) = 11.05
[2025-03-07 22:00:50,838][DEBUG] findfont: score(FontEntry(fname='/usr/local/lib/python3.11/dist-packages/matplotlib/mpl-data/fonts/ttf/STIXSizOneSymReg.ttf', name='STIXSizeOneSym', style='normal', variant='normal', weight=400, stretch='normal', size='scalable')) = 10.05
[2025-03-07 22:00:50,839][DEBUG] findfont: score(FontEntry(fname='/usr/local/lib/python3.11/dist-packages/matplotlib/mpl-data/fonts/ttf/DejaVuSansMono-Oblique.ttf', name='DejaVu Sans Mono', style='oblique', variant='normal', weight=400, stretch='normal', size='scalable')) = 11.05
[2025-03-07 22:00:50,839][DEBUG] findfont: score(FontEntry(fname='/usr/local/lib/python3.11/dist-packages/matplotlib/mpl-data/fonts/ttf/DejaVuSerif-Bold.ttf', name='DejaVu Serif', style='normal', variant='normal', weight=700, stretch='normal', size='scalable')) = 10.335
[2025-03-07 22:00:50,839][DEBUG] findfont: score(FontEntry(fname='/usr/local/lib/python3.11/dist-packages/matplotlib/mpl-data/fonts/ttf/STIXSizFourSymBol.ttf', name='STIXSizeFourSym', style='normal', variant='normal', weight=700, stretch='normal', size='scalable')) = 10.335
[2025-03-07 22:00:50,839][DEBUG] findfont: score(FontEntry(fname='/usr/local/lib/python3.11/dist-packages/matplotlib/mpl-data/fonts/ttf/cmtt10.ttf', name='cmtt10', style='normal', variant='normal', weight=400, stretch='normal', size='scalable')) = 10.05
[2025-03-07 22:00:50,839][DEBUG] findfont: score(FontEntry(fname='/usr/local/lib/python3.11/dist-packages/matplotlib/mpl-data/fonts/ttf/DejaVuSansMono.ttf', name='DejaVu Sans Mono', style='normal', variant='normal', weight=400, stretch='normal', size='scalable')) = 10.05
[2025-03-07 22:00:50,839][DEBUG] findfont: score(FontEntry(fname='/usr/share/fonts/truetype/liberation/LiberationMono-Italic.ttf', name='Liberation Mono', style='italic', variant='normal', weight=400, stretch='normal', size='scalable')) = 11.05
[2025-03-07 22:00:50,839][DEBUG] findfont: score(FontEntry(fname='/usr/share/fonts/truetype/liberation/LiberationSansNarrow-Italic.ttf', name='Liberation Sans Narrow', style='italic', variant='normal', weight=400, stretch='condensed', size='scalable')) = 11.25
[2025-03-07 22:00:50,839][DEBUG] findfont: score(FontEntry(fname='/usr/share/fonts/truetype/liberation/LiberationSansNarrow-Bold.ttf', name='Liberation Sans Narrow', style='normal', variant='normal', weight=700, stretch='condensed', size='scalable')) = 10.535
[2025-03-07 22:00:50,839][DEBUG] findfont: score(FontEntry(fname='/usr/share/fonts/truetype/liberation/LiberationSans-Bold.ttf', name='Liberation Sans', style='normal', variant='normal', weight=700, stretch='normal', size='scalable')) = 10.335
[2025-03-07 22:00:50,839][DEBUG] findfont: score(FontEntry(fname='/usr/share/fonts/truetype/liberation/LiberationSansNarrow-Regular.ttf', name='Liberation Sans Narrow', style='normal', variant='normal', weight=400, stretch='condensed', size='scalable')) = 10.25
[2025-03-07 22:00:50,839][DEBUG] findfont: score(FontEntry(fname='/usr/share/fonts/truetype/liberation/LiberationSerif-Bold.ttf', name='Liberation Serif', style='normal', variant='normal', weight=700, stretch='normal', size='scalable')) = 10.335
[2025-03-07 22:00:50,839][DEBUG] findfont: score(FontEntry(fname='/usr/share/fonts/truetype/liberation/LiberationMono-Bold.ttf', name='Liberation Mono', style='normal', variant='normal', weight=700, stretch='normal', size='scalable')) = 10.335
[2025-03-07 22:00:50,839][DEBUG] findfont: score(FontEntry(fname='/usr/share/fonts/truetype/liberation/LiberationSerif-Italic.ttf', name='Liberation Serif', style='italic', variant='normal', weight=400, stretch='normal', size='scalable')) = 11.05
[2025-03-07 22:00:50,839][DEBUG] findfont: score(FontEntry(fname='/usr/share/fonts/truetype/liberation/LiberationSans-BoldItalic.ttf', name='Liberation Sans', style='italic', variant='normal', weight=700, stretch='normal', size='scalable')) = 11.335
[2025-03-07 22:00:50,839][DEBUG] findfont: score(FontEntry(fname='/usr/share/fonts/truetype/liberation/LiberationMono-Regular.ttf', name='Liberation Mono', style='normal', variant='normal', weight=400, stretch='normal', size='scalable')) = 10.05
[2025-03-07 22:00:50,839][DEBUG] findfont: score(FontEntry(fname='/usr/share/fonts/truetype/liberation/LiberationMono-BoldItalic.ttf', name='Liberation Mono', style='italic', variant='normal', weight=700, stretch='normal', size='scalable')) = 11.335
[2025-03-07 22:00:50,839][DEBUG] findfont: score(FontEntry(fname='/usr/share/fonts/truetype/liberation/LiberationSerif-Regular.ttf', name='Liberation Serif', style='normal', variant='normal', weight=400, stretch='normal', size='scalable')) = 10.05
[2025-03-07 22:00:50,839][DEBUG] findfont: score(FontEntry(fname='/usr/share/fonts/truetype/liberation/LiberationSans-Italic.ttf', name='Liberation Sans', style='italic', variant='normal', weight=400, stretch='normal', size='scalable')) = 11.05
[2025-03-07 22:00:50,839][DEBUG] findfont: score(FontEntry(fname='/usr/share/fonts/truetype/liberation/LiberationSerif-BoldItalic.ttf', name='Liberation Serif', style='italic', variant='normal', weight=700, stretch='normal', size='scalable')) = 11.335
[2025-03-07 22:00:50,840][DEBUG] findfont: score(FontEntry(fname='/usr/share/fonts/truetype/humor-sans/Humor-Sans.ttf', name='Humor Sans', style='normal', variant='normal', weight=400, stretch='normal', size='scalable')) = 10.05
[2025-03-07 22:00:50,840][DEBUG] findfont: score(FontEntry(fname='/usr/share/fonts/truetype/liberation/LiberationSansNarrow-BoldItalic.ttf', name='Liberation Sans Narrow', style='italic', variant='normal', weight=700, stretch='condensed', size='scalable')) = 11.535
[2025-03-07 22:00:50,840][DEBUG] findfont: score(FontEntry(fname='/usr/share/fonts/truetype/liberation/LiberationSans-Regular.ttf', name='Liberation Sans', style='normal', variant='normal', weight=400, stretch='normal', size='scalable')) = 10.05
[2025-03-07 22:00:50,840][DEBUG] findfont: Matching sans\-serif:style=normal:variant=normal:weight=normal:stretch=normal:size=12.0 to DejaVu Sans ('/usr/local/lib/python3.11/dist-packages/matplotlib/mpl-data/fonts/ttf/DejaVuSans.ttf') with score of 0.050000.
