[2025-03-01 13:21:04,161][INFO] step 0: train loss 3.0498, val loss 3.0500
[2025-03-01 13:21:07,378][INFO] iter 0: loss 3.0438
[2025-03-01 13:21:11,891][INFO] iter 100: loss 2.1207
[2025-03-01 13:21:16,929][INFO] iter 200: loss 1.1425
[2025-03-01 13:21:21,374][INFO] iter 300: loss 0.7623
[2025-03-01 13:21:25,833][INFO] iter 400: loss 0.7182
[2025-03-01 13:21:30,814][INFO] iter 500: loss 0.7113
[2025-03-01 13:21:35,321][INFO] iter 600: loss 0.7044
[2025-03-01 13:21:40,313][INFO] iter 700: loss 0.7079
[2025-03-01 13:21:44,819][INFO] iter 800: loss 0.7005
[2025-03-01 13:21:49,341][INFO] iter 900: loss 0.7020
[2025-03-01 13:22:53,964][INFO] step 1000: train loss 0.7024, val loss 0.7022
[2025-03-01 13:22:53,964][INFO] saving checkpoint to out/list_1_1_120_20_list
[2025-03-01 13:22:54,075][INFO] iter 1000: loss 0.7009
[2025-03-01 13:22:58,680][INFO] iter 1100: loss 0.7031
[2025-03-01 13:23:03,336][INFO] iter 1200: loss 0.7003
[2025-03-01 13:23:08,116][INFO] iter 1300: loss 0.6994
[2025-03-01 13:23:12,720][INFO] iter 1400: loss 0.6979
[2025-03-01 13:23:17,788][INFO] iter 1500: loss 0.6959
[2025-03-01 13:23:22,437][INFO] iter 1600: loss 0.6927
[2025-03-01 13:23:27,100][INFO] iter 1700: loss 0.6967
[2025-03-01 13:23:32,043][INFO] iter 1800: loss 0.6957
[2025-03-01 13:23:36,743][INFO] iter 1900: loss 0.6930
[2025-03-01 13:24:41,494][INFO] step 2000: train loss 0.6925, val loss 0.6926
[2025-03-01 13:24:41,494][INFO] saving checkpoint to out/list_1_1_120_20_list
[2025-03-01 13:24:41,599][INFO] iter 2000: loss 0.6918
[2025-03-01 13:24:46,347][INFO] iter 2100: loss 0.6946
[2025-03-01 13:24:51,091][INFO] iter 2200: loss 0.6936
[2025-03-01 13:24:56,355][INFO] iter 2300: loss 0.6888
[2025-03-01 13:25:01,124][INFO] iter 2400: loss 0.6880
[2025-03-01 13:25:06,243][INFO] iter 2500: loss 0.6883
[2025-03-01 13:25:11,003][INFO] iter 2600: loss 0.6885
[2025-03-01 13:25:15,749][INFO] iter 2700: loss 0.6855
[2025-03-01 13:25:20,882][INFO] iter 2800: loss 0.6861
[2025-03-01 13:25:25,746][INFO] iter 2900: loss 0.6830
[2025-03-01 13:26:30,383][INFO] step 3000: train loss 0.6815, val loss 0.6814
[2025-03-01 13:26:30,384][INFO] saving checkpoint to out/list_1_1_120_20_list
[2025-03-01 13:26:30,488][INFO] iter 3000: loss 0.6808
[2025-03-01 13:26:35,233][INFO] iter 3100: loss 0.6790
[2025-03-01 13:26:39,909][INFO] iter 3200: loss 0.6801
[2025-03-01 13:26:44,919][INFO] iter 3300: loss 0.6755
[2025-03-01 13:26:49,638][INFO] iter 3400: loss 0.6732
[2025-03-01 13:26:54,730][INFO] iter 3500: loss 0.6767
[2025-03-01 13:26:59,499][INFO] iter 3600: loss 0.6722
[2025-03-01 13:27:04,509][INFO] iter 3700: loss 0.6723
[2025-03-01 13:27:09,522][INFO] iter 3800: loss 0.6662
[2025-03-01 13:27:14,272][INFO] iter 3900: loss 0.6670
[2025-03-01 13:28:18,824][INFO] step 4000: train loss 0.6667, val loss 0.6664
[2025-03-01 13:28:18,825][INFO] saving checkpoint to out/list_1_1_120_20_list
[2025-03-01 13:28:18,933][INFO] iter 4000: loss 0.6672
[2025-03-01 13:28:23,641][INFO] iter 4100: loss 0.6688
[2025-03-01 13:28:28,323][INFO] iter 4200: loss 0.6628
[2025-03-01 13:28:33,512][INFO] iter 4300: loss 0.6663
[2025-03-01 13:28:38,234][INFO] iter 4400: loss 0.6602
[2025-03-01 13:28:43,338][INFO] iter 4500: loss 0.6646
[2025-03-01 13:28:48,084][INFO] iter 4600: loss 0.6624
[2025-03-01 13:28:52,848][INFO] iter 4700: loss 0.6593
[2025-03-01 13:28:57,915][INFO] iter 4800: loss 0.6577
[2025-03-01 13:29:02,664][INFO] iter 4900: loss 0.6547
[2025-03-01 13:30:07,176][INFO] step 5000: train loss 0.6540, val loss 0.6540
[2025-03-01 13:30:07,176][INFO] saving checkpoint to out/list_1_1_120_20_list
[2025-03-01 13:30:07,282][INFO] iter 5000: loss 0.6506
[2025-03-01 13:30:11,985][INFO] iter 5100: loss 0.6536
[2025-03-01 13:30:16,675][INFO] iter 5200: loss 0.6526
[2025-03-01 13:30:22,014][INFO] iter 5300: loss 0.6487
[2025-03-01 13:30:26,757][INFO] iter 5400: loss 0.6522
[2025-03-01 13:30:31,861][INFO] iter 5500: loss 0.6511
[2025-03-01 13:30:36,621][INFO] iter 5600: loss 0.6493
[2025-03-01 13:30:41,391][INFO] iter 5700: loss 0.6514
[2025-03-01 13:30:46,653][INFO] iter 5800: loss 0.6419
[2025-03-01 13:30:51,568][INFO] iter 5900: loss 0.6459
[2025-03-01 13:31:56,131][INFO] step 6000: train loss 0.6443, val loss 0.6447
[2025-03-01 13:31:56,131][INFO] saving checkpoint to out/list_1_1_120_20_list
[2025-03-01 13:31:56,235][INFO] iter 6000: loss 0.6411
[2025-03-01 13:32:01,020][INFO] iter 6100: loss 0.6392
[2025-03-01 13:32:05,706][INFO] iter 6200: loss 0.6452
[2025-03-01 13:32:10,741][INFO] iter 6300: loss 0.6409
[2025-03-01 13:32:15,468][INFO] iter 6400: loss 0.6409
[2025-03-01 13:32:20,451][INFO] iter 6500: loss 0.6417
[2025-03-01 13:32:25,252][INFO] iter 6600: loss 0.6360
[2025-03-01 13:32:30,268][INFO] iter 6700: loss 0.6389
[2025-03-01 13:32:35,273][INFO] iter 6800: loss 0.6341
[2025-03-01 13:32:40,030][INFO] iter 6900: loss 0.6365
[2025-03-01 13:33:44,593][INFO] step 7000: train loss 0.6359, val loss 0.6359
[2025-03-01 13:33:44,594][INFO] saving checkpoint to out/list_1_1_120_20_list
[2025-03-01 13:33:44,697][INFO] iter 7000: loss 0.6415
[2025-03-01 13:33:49,391][INFO] iter 7100: loss 0.6370
[2025-03-01 13:33:54,068][INFO] iter 7200: loss 0.6392
[2025-03-01 13:33:59,333][INFO] iter 7300: loss 0.6341
[2025-03-01 13:34:04,117][INFO] iter 7400: loss 0.6361
[2025-03-01 13:34:09,281][INFO] iter 7500: loss 0.6327
[2025-03-01 13:34:14,033][INFO] iter 7600: loss 0.6312
[2025-03-01 13:34:18,802][INFO] iter 7700: loss 0.6333
[2025-03-01 13:34:23,831][INFO] iter 7800: loss 0.6267
[2025-03-01 13:34:28,584][INFO] iter 7900: loss 0.6299
[2025-03-01 13:35:32,964][INFO] step 8000: train loss 0.6303, val loss 0.6303
[2025-03-01 13:35:32,965][INFO] saving checkpoint to out/list_1_1_120_20_list
[2025-03-01 13:35:33,069][INFO] iter 8000: loss 0.6294
[2025-03-01 13:35:37,769][INFO] iter 8100: loss 0.6290
[2025-03-01 13:35:42,485][INFO] iter 8200: loss 0.6260
[2025-03-01 13:35:47,798][INFO] iter 8300: loss 0.6278
[2025-03-01 13:35:52,525][INFO] iter 8400: loss 0.6273
[2025-03-01 13:35:57,604][INFO] iter 8500: loss 0.6270
[2025-03-01 13:36:02,353][INFO] iter 8600: loss 0.6263
[2025-03-01 13:36:07,113][INFO] iter 8700: loss 0.6251
[2025-03-01 13:36:12,360][INFO] iter 8800: loss 0.6198
[2025-03-01 13:36:17,116][INFO] iter 8900: loss 0.6260
[2025-03-01 13:37:21,426][INFO] step 9000: train loss 0.6261, val loss 0.6262
[2025-03-01 13:37:21,426][INFO] saving checkpoint to out/list_1_1_120_20_list
[2025-03-01 13:37:21,540][INFO] iter 9000: loss 0.6262
[2025-03-01 13:37:26,338][INFO] iter 9100: loss 0.6292
[2025-03-01 13:37:31,015][INFO] iter 9200: loss 0.6222
[2025-03-01 13:37:36,126][INFO] iter 9300: loss 0.6212
[2025-03-01 13:37:40,855][INFO] iter 9400: loss 0.6271
[2025-03-01 13:37:45,726][INFO] iter 9500: loss 0.6273
[2025-03-01 13:37:50,550][INFO] iter 9600: loss 0.6302
[2025-03-01 13:37:55,313][INFO] iter 9700: loss 0.6252
[2025-03-01 13:38:00,428][INFO] iter 9800: loss 0.6249
[2025-03-01 13:38:05,180][INFO] iter 9900: loss 0.6241
[2025-03-01 13:39:09,463][INFO] step 10000: train loss 0.6238, val loss 0.6237
[2025-03-01 13:39:09,463][INFO] saving checkpoint to out/list_1_1_120_20_list
[2025-03-01 13:39:09,568][INFO] iter 10000: loss 0.6243
[2025-03-01 13:39:09,723][DEBUG] Loaded backend module://matplotlib_inline.backend_inline version unknown.
[2025-03-01 13:39:09,734][DEBUG] findfont: Matching sans\-serif:style=normal:variant=normal:weight=normal:stretch=normal:size=10.0.
[2025-03-01 13:39:09,734][DEBUG] findfont: score(FontEntry(fname='/usr/local/lib/python3.11/dist-packages/matplotlib/mpl-data/fonts/ttf/DejaVuSans-Bold.ttf', name='DejaVu Sans', style='normal', variant='normal', weight=700, stretch='normal', size='scalable')) = 0.33499999999999996
[2025-03-01 13:39:09,734][DEBUG] findfont: score(FontEntry(fname='/usr/local/lib/python3.11/dist-packages/matplotlib/mpl-data/fonts/ttf/cmmi10.ttf', name='cmmi10', style='normal', variant='normal', weight=400, stretch='normal', size='scalable')) = 10.05
[2025-03-01 13:39:09,734][DEBUG] findfont: score(FontEntry(fname='/usr/local/lib/python3.11/dist-packages/matplotlib/mpl-data/fonts/ttf/STIXSizTwoSymBol.ttf', name='STIXSizeTwoSym', style='normal', variant='normal', weight=700, stretch='normal', size='scalable')) = 10.335
[2025-03-01 13:39:09,734][DEBUG] findfont: score(FontEntry(fname='/usr/local/lib/python3.11/dist-packages/matplotlib/mpl-data/fonts/ttf/DejaVuSansMono-Oblique.ttf', name='DejaVu Sans Mono', style='oblique', variant='normal', weight=400, stretch='normal', size='scalable')) = 11.05
[2025-03-01 13:39:09,734][DEBUG] findfont: score(FontEntry(fname='/usr/local/lib/python3.11/dist-packages/matplotlib/mpl-data/fonts/ttf/STIXNonUniBolIta.ttf', name='STIXNonUnicode', style='italic', variant='normal', weight=700, stretch='normal', size='scalable')) = 11.335
[2025-03-01 13:39:09,734][DEBUG] findfont: score(FontEntry(fname='/usr/local/lib/python3.11/dist-packages/matplotlib/mpl-data/fonts/ttf/DejaVuSans-Oblique.ttf', name='DejaVu Sans', style='oblique', variant='normal', weight=400, stretch='normal', size='scalable')) = 1.05
[2025-03-01 13:39:09,734][DEBUG] findfont: score(FontEntry(fname='/usr/local/lib/python3.11/dist-packages/matplotlib/mpl-data/fonts/ttf/STIXGeneral.ttf', name='STIXGeneral', style='normal', variant='normal', weight=400, stretch='normal', size='scalable')) = 10.05
[2025-03-01 13:39:09,734][DEBUG] findfont: score(FontEntry(fname='/usr/local/lib/python3.11/dist-packages/matplotlib/mpl-data/fonts/ttf/STIXSizOneSymReg.ttf', name='STIXSizeOneSym', style='normal', variant='normal', weight=400, stretch='normal', size='scalable')) = 10.05
[2025-03-01 13:39:09,734][DEBUG] findfont: score(FontEntry(fname='/usr/local/lib/python3.11/dist-packages/matplotlib/mpl-data/fonts/ttf/DejaVuSansMono-Bold.ttf', name='DejaVu Sans Mono', style='normal', variant='normal', weight=700, stretch='normal', size='scalable')) = 10.335
[2025-03-01 13:39:09,734][DEBUG] findfont: score(FontEntry(fname='/usr/local/lib/python3.11/dist-packages/matplotlib/mpl-data/fonts/ttf/STIXSizFourSymReg.ttf', name='STIXSizeFourSym', style='normal', variant='normal', weight=400, stretch='normal', size='scalable')) = 10.05
[2025-03-01 13:39:09,735][DEBUG] findfont: score(FontEntry(fname='/usr/local/lib/python3.11/dist-packages/matplotlib/mpl-data/fonts/ttf/STIXGeneralBol.ttf', name='STIXGeneral', style='normal', variant='normal', weight=700, stretch='normal', size='scalable')) = 10.335
[2025-03-01 13:39:09,735][DEBUG] findfont: score(FontEntry(fname='/usr/local/lib/python3.11/dist-packages/matplotlib/mpl-data/fonts/ttf/cmsy10.ttf', name='cmsy10', style='normal', variant='normal', weight=400, stretch='normal', size='scalable')) = 10.05
[2025-03-01 13:39:09,735][DEBUG] findfont: score(FontEntry(fname='/usr/local/lib/python3.11/dist-packages/matplotlib/mpl-data/fonts/ttf/DejaVuSerifDisplay.ttf', name='DejaVu Serif Display', style='normal', variant='normal', weight=400, stretch='normal', size='scalable')) = 10.05
[2025-03-01 13:39:09,735][DEBUG] findfont: score(FontEntry(fname='/usr/local/lib/python3.11/dist-packages/matplotlib/mpl-data/fonts/ttf/STIXGeneralBolIta.ttf', name='STIXGeneral', style='italic', variant='normal', weight=700, stretch='normal', size='scalable')) = 11.335
[2025-03-01 13:39:09,735][DEBUG] findfont: score(FontEntry(fname='/usr/local/lib/python3.11/dist-packages/matplotlib/mpl-data/fonts/ttf/STIXSizFiveSymReg.ttf', name='STIXSizeFiveSym', style='normal', variant='normal', weight=400, stretch='normal', size='scalable')) = 10.05
[2025-03-01 13:39:09,735][DEBUG] findfont: score(FontEntry(fname='/usr/local/lib/python3.11/dist-packages/matplotlib/mpl-data/fonts/ttf/DejaVuSans-BoldOblique.ttf', name='DejaVu Sans', style='oblique', variant='normal', weight=700, stretch='normal', size='scalable')) = 1.335
[2025-03-01 13:39:09,735][DEBUG] findfont: score(FontEntry(fname='/usr/local/lib/python3.11/dist-packages/matplotlib/mpl-data/fonts/ttf/cmb10.ttf', name='cmb10', style='normal', variant='normal', weight=400, stretch='normal', size='scalable')) = 10.05
[2025-03-01 13:39:09,735][DEBUG] findfont: score(FontEntry(fname='/usr/local/lib/python3.11/dist-packages/matplotlib/mpl-data/fonts/ttf/DejaVuSansMono.ttf', name='DejaVu Sans Mono', style='normal', variant='normal', weight=400, stretch='normal', size='scalable')) = 10.05
[2025-03-01 13:39:09,735][DEBUG] findfont: score(FontEntry(fname='/usr/local/lib/python3.11/dist-packages/matplotlib/mpl-data/fonts/ttf/STIXSizFourSymBol.ttf', name='STIXSizeFourSym', style='normal', variant='normal', weight=700, stretch='normal', size='scalable')) = 10.335
[2025-03-01 13:39:09,735][DEBUG] findfont: score(FontEntry(fname='/usr/local/lib/python3.11/dist-packages/matplotlib/mpl-data/fonts/ttf/STIXSizTwoSymReg.ttf', name='STIXSizeTwoSym', style='normal', variant='normal', weight=400, stretch='normal', size='scalable')) = 10.05
[2025-03-01 13:39:09,735][DEBUG] findfont: score(FontEntry(fname='/usr/local/lib/python3.11/dist-packages/matplotlib/mpl-data/fonts/ttf/DejaVuSansMono-BoldOblique.ttf', name='DejaVu Sans Mono', style='oblique', variant='normal', weight=700, stretch='normal', size='scalable')) = 11.335
[2025-03-01 13:39:09,735][DEBUG] findfont: score(FontEntry(fname='/usr/local/lib/python3.11/dist-packages/matplotlib/mpl-data/fonts/ttf/cmr10.ttf', name='cmr10', style='normal', variant='normal', weight=400, stretch='normal', size='scalable')) = 10.05
[2025-03-01 13:39:09,735][DEBUG] findfont: score(FontEntry(fname='/usr/local/lib/python3.11/dist-packages/matplotlib/mpl-data/fonts/ttf/cmtt10.ttf', name='cmtt10', style='normal', variant='normal', weight=400, stretch='normal', size='scalable')) = 10.05
[2025-03-01 13:39:09,735][DEBUG] findfont: score(FontEntry(fname='/usr/local/lib/python3.11/dist-packages/matplotlib/mpl-data/fonts/ttf/STIXNonUniBol.ttf', name='STIXNonUnicode', style='normal', variant='normal', weight=700, stretch='normal', size='scalable')) = 10.335
[2025-03-01 13:39:09,735][DEBUG] findfont: score(FontEntry(fname='/usr/local/lib/python3.11/dist-packages/matplotlib/mpl-data/fonts/ttf/STIXNonUni.ttf', name='STIXNonUnicode', style='normal', variant='normal', weight=400, stretch='normal', size='scalable')) = 10.05
[2025-03-01 13:39:09,735][DEBUG] findfont: score(FontEntry(fname='/usr/local/lib/python3.11/dist-packages/matplotlib/mpl-data/fonts/ttf/DejaVuSerif-Bold.ttf', name='DejaVu Serif', style='normal', variant='normal', weight=700, stretch='normal', size='scalable')) = 10.335
[2025-03-01 13:39:09,735][DEBUG] findfont: score(FontEntry(fname='/usr/local/lib/python3.11/dist-packages/matplotlib/mpl-data/fonts/ttf/cmss10.ttf', name='cmss10', style='normal', variant='normal', weight=400, stretch='normal', size='scalable')) = 10.05
[2025-03-01 13:39:09,735][DEBUG] findfont: score(FontEntry(fname='/usr/local/lib/python3.11/dist-packages/matplotlib/mpl-data/fonts/ttf/DejaVuSansDisplay.ttf', name='DejaVu Sans Display', style='normal', variant='normal', weight=400, stretch='normal', size='scalable')) = 10.05
[2025-03-01 13:39:09,735][DEBUG] findfont: score(FontEntry(fname='/usr/local/lib/python3.11/dist-packages/matplotlib/mpl-data/fonts/ttf/DejaVuSans.ttf', name='DejaVu Sans', style='normal', variant='normal', weight=400, stretch='normal', size='scalable')) = 0.05
[2025-03-01 13:39:09,735][DEBUG] findfont: score(FontEntry(fname='/usr/local/lib/python3.11/dist-packages/matplotlib/mpl-data/fonts/ttf/STIXSizThreeSymReg.ttf', name='STIXSizeThreeSym', style='normal', variant='normal', weight=400, stretch='normal', size='scalable')) = 10.05
[2025-03-01 13:39:09,735][DEBUG] findfont: score(FontEntry(fname='/usr/local/lib/python3.11/dist-packages/matplotlib/mpl-data/fonts/ttf/DejaVuSerif.ttf', name='DejaVu Serif', style='normal', variant='normal', weight=400, stretch='normal', size='scalable')) = 10.05
[2025-03-01 13:39:09,735][DEBUG] findfont: score(FontEntry(fname='/usr/local/lib/python3.11/dist-packages/matplotlib/mpl-data/fonts/ttf/DejaVuSerif-BoldItalic.ttf', name='DejaVu Serif', style='italic', variant='normal', weight=700, stretch='normal', size='scalable')) = 11.335
[2025-03-01 13:39:09,735][DEBUG] findfont: score(FontEntry(fname='/usr/local/lib/python3.11/dist-packages/matplotlib/mpl-data/fonts/ttf/STIXSizOneSymBol.ttf', name='STIXSizeOneSym', style='normal', variant='normal', weight=700, stretch='normal', size='scalable')) = 10.335
[2025-03-01 13:39:09,735][DEBUG] findfont: score(FontEntry(fname='/usr/local/lib/python3.11/dist-packages/matplotlib/mpl-data/fonts/ttf/cmex10.ttf', name='cmex10', style='normal', variant='normal', weight=400, stretch='normal', size='scalable')) = 10.05
[2025-03-01 13:39:09,735][DEBUG] findfont: score(FontEntry(fname='/usr/local/lib/python3.11/dist-packages/matplotlib/mpl-data/fonts/ttf/STIXNonUniIta.ttf', name='STIXNonUnicode', style='italic', variant='normal', weight=400, stretch='normal', size='scalable')) = 11.05
[2025-03-01 13:39:09,735][DEBUG] findfont: score(FontEntry(fname='/usr/local/lib/python3.11/dist-packages/matplotlib/mpl-data/fonts/ttf/STIXSizThreeSymBol.ttf', name='STIXSizeThreeSym', style='normal', variant='normal', weight=700, stretch='normal', size='scalable')) = 10.335
[2025-03-01 13:39:09,735][DEBUG] findfont: score(FontEntry(fname='/usr/local/lib/python3.11/dist-packages/matplotlib/mpl-data/fonts/ttf/DejaVuSerif-Italic.ttf', name='DejaVu Serif', style='italic', variant='normal', weight=400, stretch='normal', size='scalable')) = 11.05
[2025-03-01 13:39:09,735][DEBUG] findfont: score(FontEntry(fname='/usr/local/lib/python3.11/dist-packages/matplotlib/mpl-data/fonts/ttf/STIXGeneralItalic.ttf', name='STIXGeneral', style='italic', variant='normal', weight=400, stretch='normal', size='scalable')) = 11.05
[2025-03-01 13:39:09,736][DEBUG] findfont: score(FontEntry(fname='/usr/share/fonts/truetype/liberation/LiberationSerif-Bold.ttf', name='Liberation Serif', style='normal', variant='normal', weight=700, stretch='normal', size='scalable')) = 10.335
[2025-03-01 13:39:09,736][DEBUG] findfont: score(FontEntry(fname='/usr/share/fonts/truetype/liberation/LiberationSans-Regular.ttf', name='Liberation Sans', style='normal', variant='normal', weight=400, stretch='normal', size='scalable')) = 10.05
[2025-03-01 13:39:09,736][DEBUG] findfont: score(FontEntry(fname='/usr/share/fonts/truetype/liberation/LiberationSerif-Italic.ttf', name='Liberation Serif', style='italic', variant='normal', weight=400, stretch='normal', size='scalable')) = 11.05
[2025-03-01 13:39:09,736][DEBUG] findfont: score(FontEntry(fname='/usr/share/fonts/truetype/liberation/LiberationSansNarrow-Regular.ttf', name='Liberation Sans Narrow', style='normal', variant='normal', weight=400, stretch='condensed', size='scalable')) = 10.25
[2025-03-01 13:39:09,736][DEBUG] findfont: score(FontEntry(fname='/usr/share/fonts/truetype/liberation/LiberationMono-Italic.ttf', name='Liberation Mono', style='italic', variant='normal', weight=400, stretch='normal', size='scalable')) = 11.05
[2025-03-01 13:39:09,736][DEBUG] findfont: score(FontEntry(fname='/usr/share/fonts/truetype/liberation/LiberationSerif-BoldItalic.ttf', name='Liberation Serif', style='italic', variant='normal', weight=700, stretch='normal', size='scalable')) = 11.335
[2025-03-01 13:39:09,736][DEBUG] findfont: score(FontEntry(fname='/usr/share/fonts/truetype/liberation/LiberationSerif-Regular.ttf', name='Liberation Serif', style='normal', variant='normal', weight=400, stretch='normal', size='scalable')) = 10.05
[2025-03-01 13:39:09,736][DEBUG] findfont: score(FontEntry(fname='/usr/share/fonts/truetype/liberation/LiberationMono-BoldItalic.ttf', name='Liberation Mono', style='italic', variant='normal', weight=700, stretch='normal', size='scalable')) = 11.335
[2025-03-01 13:39:09,736][DEBUG] findfont: score(FontEntry(fname='/usr/share/fonts/truetype/liberation/LiberationSansNarrow-Italic.ttf', name='Liberation Sans Narrow', style='italic', variant='normal', weight=400, stretch='condensed', size='scalable')) = 11.25
[2025-03-01 13:39:09,736][DEBUG] findfont: score(FontEntry(fname='/usr/share/fonts/truetype/liberation/LiberationMono-Regular.ttf', name='Liberation Mono', style='normal', variant='normal', weight=400, stretch='normal', size='scalable')) = 10.05
[2025-03-01 13:39:09,736][DEBUG] findfont: score(FontEntry(fname='/usr/share/fonts/truetype/liberation/LiberationSans-Italic.ttf', name='Liberation Sans', style='italic', variant='normal', weight=400, stretch='normal', size='scalable')) = 11.05
[2025-03-01 13:39:09,736][DEBUG] findfont: score(FontEntry(fname='/usr/share/fonts/truetype/humor-sans/Humor-Sans.ttf', name='Humor Sans', style='normal', variant='normal', weight=400, stretch='normal', size='scalable')) = 10.05
[2025-03-01 13:39:09,736][DEBUG] findfont: score(FontEntry(fname='/usr/share/fonts/truetype/liberation/LiberationMono-Bold.ttf', name='Liberation Mono', style='normal', variant='normal', weight=700, stretch='normal', size='scalable')) = 10.335
[2025-03-01 13:39:09,736][DEBUG] findfont: score(FontEntry(fname='/usr/share/fonts/truetype/liberation/LiberationSans-BoldItalic.ttf', name='Liberation Sans', style='italic', variant='normal', weight=700, stretch='normal', size='scalable')) = 11.335
[2025-03-01 13:39:09,736][DEBUG] findfont: score(FontEntry(fname='/usr/share/fonts/truetype/liberation/LiberationSansNarrow-Bold.ttf', name='Liberation Sans Narrow', style='normal', variant='normal', weight=700, stretch='condensed', size='scalable')) = 10.535
[2025-03-01 13:39:09,736][DEBUG] findfont: score(FontEntry(fname='/usr/share/fonts/truetype/liberation/LiberationSans-Bold.ttf', name='Liberation Sans', style='normal', variant='normal', weight=700, stretch='normal', size='scalable')) = 10.335
[2025-03-01 13:39:09,736][DEBUG] findfont: score(FontEntry(fname='/usr/share/fonts/truetype/liberation/LiberationSansNarrow-BoldItalic.ttf', name='Liberation Sans Narrow', style='italic', variant='normal', weight=700, stretch='condensed', size='scalable')) = 11.535
[2025-03-01 13:39:09,736][DEBUG] findfont: Matching sans\-serif:style=normal:variant=normal:weight=normal:stretch=normal:size=10.0 to DejaVu Sans ('/usr/local/lib/python3.11/dist-packages/matplotlib/mpl-data/fonts/ttf/DejaVuSans.ttf') with score of 0.050000.
[2025-03-01 13:39:09,792][DEBUG] findfont: Matching sans\-serif:style=normal:variant=normal:weight=normal:stretch=normal:size=12.0.
[2025-03-01 13:39:09,792][DEBUG] findfont: score(FontEntry(fname='/usr/local/lib/python3.11/dist-packages/matplotlib/mpl-data/fonts/ttf/DejaVuSans-Bold.ttf', name='DejaVu Sans', style='normal', variant='normal', weight=700, stretch='normal', size='scalable')) = 0.33499999999999996
[2025-03-01 13:39:09,792][DEBUG] findfont: score(FontEntry(fname='/usr/local/lib/python3.11/dist-packages/matplotlib/mpl-data/fonts/ttf/cmmi10.ttf', name='cmmi10', style='normal', variant='normal', weight=400, stretch='normal', size='scalable')) = 10.05
[2025-03-01 13:39:09,792][DEBUG] findfont: score(FontEntry(fname='/usr/local/lib/python3.11/dist-packages/matplotlib/mpl-data/fonts/ttf/STIXSizTwoSymBol.ttf', name='STIXSizeTwoSym', style='normal', variant='normal', weight=700, stretch='normal', size='scalable')) = 10.335
[2025-03-01 13:39:09,792][DEBUG] findfont: score(FontEntry(fname='/usr/local/lib/python3.11/dist-packages/matplotlib/mpl-data/fonts/ttf/DejaVuSansMono-Oblique.ttf', name='DejaVu Sans Mono', style='oblique', variant='normal', weight=400, stretch='normal', size='scalable')) = 11.05
[2025-03-01 13:39:09,792][DEBUG] findfont: score(FontEntry(fname='/usr/local/lib/python3.11/dist-packages/matplotlib/mpl-data/fonts/ttf/STIXNonUniBolIta.ttf', name='STIXNonUnicode', style='italic', variant='normal', weight=700, stretch='normal', size='scalable')) = 11.335
[2025-03-01 13:39:09,792][DEBUG] findfont: score(FontEntry(fname='/usr/local/lib/python3.11/dist-packages/matplotlib/mpl-data/fonts/ttf/DejaVuSans-Oblique.ttf', name='DejaVu Sans', style='oblique', variant='normal', weight=400, stretch='normal', size='scalable')) = 1.05
[2025-03-01 13:39:09,792][DEBUG] findfont: score(FontEntry(fname='/usr/local/lib/python3.11/dist-packages/matplotlib/mpl-data/fonts/ttf/STIXGeneral.ttf', name='STIXGeneral', style='normal', variant='normal', weight=400, stretch='normal', size='scalable')) = 10.05
[2025-03-01 13:39:09,792][DEBUG] findfont: score(FontEntry(fname='/usr/local/lib/python3.11/dist-packages/matplotlib/mpl-data/fonts/ttf/STIXSizOneSymReg.ttf', name='STIXSizeOneSym', style='normal', variant='normal', weight=400, stretch='normal', size='scalable')) = 10.05
[2025-03-01 13:39:09,792][DEBUG] findfont: score(FontEntry(fname='/usr/local/lib/python3.11/dist-packages/matplotlib/mpl-data/fonts/ttf/DejaVuSansMono-Bold.ttf', name='DejaVu Sans Mono', style='normal', variant='normal', weight=700, stretch='normal', size='scalable')) = 10.335
[2025-03-01 13:39:09,792][DEBUG] findfont: score(FontEntry(fname='/usr/local/lib/python3.11/dist-packages/matplotlib/mpl-data/fonts/ttf/STIXSizFourSymReg.ttf', name='STIXSizeFourSym', style='normal', variant='normal', weight=400, stretch='normal', size='scalable')) = 10.05
[2025-03-01 13:39:09,792][DEBUG] findfont: score(FontEntry(fname='/usr/local/lib/python3.11/dist-packages/matplotlib/mpl-data/fonts/ttf/STIXGeneralBol.ttf', name='STIXGeneral', style='normal', variant='normal', weight=700, stretch='normal', size='scalable')) = 10.335
[2025-03-01 13:39:09,792][DEBUG] findfont: score(FontEntry(fname='/usr/local/lib/python3.11/dist-packages/matplotlib/mpl-data/fonts/ttf/cmsy10.ttf', name='cmsy10', style='normal', variant='normal', weight=400, stretch='normal', size='scalable')) = 10.05
[2025-03-01 13:39:09,792][DEBUG] findfont: score(FontEntry(fname='/usr/local/lib/python3.11/dist-packages/matplotlib/mpl-data/fonts/ttf/DejaVuSerifDisplay.ttf', name='DejaVu Serif Display', style='normal', variant='normal', weight=400, stretch='normal', size='scalable')) = 10.05
[2025-03-01 13:39:09,793][DEBUG] findfont: score(FontEntry(fname='/usr/local/lib/python3.11/dist-packages/matplotlib/mpl-data/fonts/ttf/STIXGeneralBolIta.ttf', name='STIXGeneral', style='italic', variant='normal', weight=700, stretch='normal', size='scalable')) = 11.335
[2025-03-01 13:39:09,793][DEBUG] findfont: score(FontEntry(fname='/usr/local/lib/python3.11/dist-packages/matplotlib/mpl-data/fonts/ttf/STIXSizFiveSymReg.ttf', name='STIXSizeFiveSym', style='normal', variant='normal', weight=400, stretch='normal', size='scalable')) = 10.05
[2025-03-01 13:39:09,793][DEBUG] findfont: score(FontEntry(fname='/usr/local/lib/python3.11/dist-packages/matplotlib/mpl-data/fonts/ttf/DejaVuSans-BoldOblique.ttf', name='DejaVu Sans', style='oblique', variant='normal', weight=700, stretch='normal', size='scalable')) = 1.335
[2025-03-01 13:39:09,793][DEBUG] findfont: score(FontEntry(fname='/usr/local/lib/python3.11/dist-packages/matplotlib/mpl-data/fonts/ttf/cmb10.ttf', name='cmb10', style='normal', variant='normal', weight=400, stretch='normal', size='scalable')) = 10.05
[2025-03-01 13:39:09,793][DEBUG] findfont: score(FontEntry(fname='/usr/local/lib/python3.11/dist-packages/matplotlib/mpl-data/fonts/ttf/DejaVuSansMono.ttf', name='DejaVu Sans Mono', style='normal', variant='normal', weight=400, stretch='normal', size='scalable')) = 10.05
[2025-03-01 13:39:09,793][DEBUG] findfont: score(FontEntry(fname='/usr/local/lib/python3.11/dist-packages/matplotlib/mpl-data/fonts/ttf/STIXSizFourSymBol.ttf', name='STIXSizeFourSym', style='normal', variant='normal', weight=700, stretch='normal', size='scalable')) = 10.335
[2025-03-01 13:39:09,793][DEBUG] findfont: score(FontEntry(fname='/usr/local/lib/python3.11/dist-packages/matplotlib/mpl-data/fonts/ttf/STIXSizTwoSymReg.ttf', name='STIXSizeTwoSym', style='normal', variant='normal', weight=400, stretch='normal', size='scalable')) = 10.05
[2025-03-01 13:39:09,793][DEBUG] findfont: score(FontEntry(fname='/usr/local/lib/python3.11/dist-packages/matplotlib/mpl-data/fonts/ttf/DejaVuSansMono-BoldOblique.ttf', name='DejaVu Sans Mono', style='oblique', variant='normal', weight=700, stretch='normal', size='scalable')) = 11.335
[2025-03-01 13:39:09,793][DEBUG] findfont: score(FontEntry(fname='/usr/local/lib/python3.11/dist-packages/matplotlib/mpl-data/fonts/ttf/cmr10.ttf', name='cmr10', style='normal', variant='normal', weight=400, stretch='normal', size='scalable')) = 10.05
[2025-03-01 13:39:09,793][DEBUG] findfont: score(FontEntry(fname='/usr/local/lib/python3.11/dist-packages/matplotlib/mpl-data/fonts/ttf/cmtt10.ttf', name='cmtt10', style='normal', variant='normal', weight=400, stretch='normal', size='scalable')) = 10.05
[2025-03-01 13:39:09,793][DEBUG] findfont: score(FontEntry(fname='/usr/local/lib/python3.11/dist-packages/matplotlib/mpl-data/fonts/ttf/STIXNonUniBol.ttf', name='STIXNonUnicode', style='normal', variant='normal', weight=700, stretch='normal', size='scalable')) = 10.335
[2025-03-01 13:39:09,793][DEBUG] findfont: score(FontEntry(fname='/usr/local/lib/python3.11/dist-packages/matplotlib/mpl-data/fonts/ttf/STIXNonUni.ttf', name='STIXNonUnicode', style='normal', variant='normal', weight=400, stretch='normal', size='scalable')) = 10.05
[2025-03-01 13:39:09,793][DEBUG] findfont: score(FontEntry(fname='/usr/local/lib/python3.11/dist-packages/matplotlib/mpl-data/fonts/ttf/DejaVuSerif-Bold.ttf', name='DejaVu Serif', style='normal', variant='normal', weight=700, stretch='normal', size='scalable')) = 10.335
[2025-03-01 13:39:09,793][DEBUG] findfont: score(FontEntry(fname='/usr/local/lib/python3.11/dist-packages/matplotlib/mpl-data/fonts/ttf/cmss10.ttf', name='cmss10', style='normal', variant='normal', weight=400, stretch='normal', size='scalable')) = 10.05
[2025-03-01 13:39:09,793][DEBUG] findfont: score(FontEntry(fname='/usr/local/lib/python3.11/dist-packages/matplotlib/mpl-data/fonts/ttf/DejaVuSansDisplay.ttf', name='DejaVu Sans Display', style='normal', variant='normal', weight=400, stretch='normal', size='scalable')) = 10.05
[2025-03-01 13:39:09,793][DEBUG] findfont: score(FontEntry(fname='/usr/local/lib/python3.11/dist-packages/matplotlib/mpl-data/fonts/ttf/DejaVuSans.ttf', name='DejaVu Sans', style='normal', variant='normal', weight=400, stretch='normal', size='scalable')) = 0.05
[2025-03-01 13:39:09,793][DEBUG] findfont: score(FontEntry(fname='/usr/local/lib/python3.11/dist-packages/matplotlib/mpl-data/fonts/ttf/STIXSizThreeSymReg.ttf', name='STIXSizeThreeSym', style='normal', variant='normal', weight=400, stretch='normal', size='scalable')) = 10.05
[2025-03-01 13:39:09,793][DEBUG] findfont: score(FontEntry(fname='/usr/local/lib/python3.11/dist-packages/matplotlib/mpl-data/fonts/ttf/DejaVuSerif.ttf', name='DejaVu Serif', style='normal', variant='normal', weight=400, stretch='normal', size='scalable')) = 10.05
[2025-03-01 13:39:09,793][DEBUG] findfont: score(FontEntry(fname='/usr/local/lib/python3.11/dist-packages/matplotlib/mpl-data/fonts/ttf/DejaVuSerif-BoldItalic.ttf', name='DejaVu Serif', style='italic', variant='normal', weight=700, stretch='normal', size='scalable')) = 11.335
[2025-03-01 13:39:09,794][DEBUG] findfont: score(FontEntry(fname='/usr/local/lib/python3.11/dist-packages/matplotlib/mpl-data/fonts/ttf/STIXSizOneSymBol.ttf', name='STIXSizeOneSym', style='normal', variant='normal', weight=700, stretch='normal', size='scalable')) = 10.335
[2025-03-01 13:39:09,794][DEBUG] findfont: score(FontEntry(fname='/usr/local/lib/python3.11/dist-packages/matplotlib/mpl-data/fonts/ttf/cmex10.ttf', name='cmex10', style='normal', variant='normal', weight=400, stretch='normal', size='scalable')) = 10.05
[2025-03-01 13:39:09,794][DEBUG] findfont: score(FontEntry(fname='/usr/local/lib/python3.11/dist-packages/matplotlib/mpl-data/fonts/ttf/STIXNonUniIta.ttf', name='STIXNonUnicode', style='italic', variant='normal', weight=400, stretch='normal', size='scalable')) = 11.05
[2025-03-01 13:39:09,794][DEBUG] findfont: score(FontEntry(fname='/usr/local/lib/python3.11/dist-packages/matplotlib/mpl-data/fonts/ttf/STIXSizThreeSymBol.ttf', name='STIXSizeThreeSym', style='normal', variant='normal', weight=700, stretch='normal', size='scalable')) = 10.335
[2025-03-01 13:39:09,794][DEBUG] findfont: score(FontEntry(fname='/usr/local/lib/python3.11/dist-packages/matplotlib/mpl-data/fonts/ttf/DejaVuSerif-Italic.ttf', name='DejaVu Serif', style='italic', variant='normal', weight=400, stretch='normal', size='scalable')) = 11.05
[2025-03-01 13:39:09,794][DEBUG] findfont: score(FontEntry(fname='/usr/local/lib/python3.11/dist-packages/matplotlib/mpl-data/fonts/ttf/STIXGeneralItalic.ttf', name='STIXGeneral', style='italic', variant='normal', weight=400, stretch='normal', size='scalable')) = 11.05
[2025-03-01 13:39:09,794][DEBUG] findfont: score(FontEntry(fname='/usr/share/fonts/truetype/liberation/LiberationSerif-Bold.ttf', name='Liberation Serif', style='normal', variant='normal', weight=700, stretch='normal', size='scalable')) = 10.335
[2025-03-01 13:39:09,794][DEBUG] findfont: score(FontEntry(fname='/usr/share/fonts/truetype/liberation/LiberationSans-Regular.ttf', name='Liberation Sans', style='normal', variant='normal', weight=400, stretch='normal', size='scalable')) = 10.05
[2025-03-01 13:39:09,794][DEBUG] findfont: score(FontEntry(fname='/usr/share/fonts/truetype/liberation/LiberationSerif-Italic.ttf', name='Liberation Serif', style='italic', variant='normal', weight=400, stretch='normal', size='scalable')) = 11.05
[2025-03-01 13:39:09,794][DEBUG] findfont: score(FontEntry(fname='/usr/share/fonts/truetype/liberation/LiberationSansNarrow-Regular.ttf', name='Liberation Sans Narrow', style='normal', variant='normal', weight=400, stretch='condensed', size='scalable')) = 10.25
[2025-03-01 13:39:09,794][DEBUG] findfont: score(FontEntry(fname='/usr/share/fonts/truetype/liberation/LiberationMono-Italic.ttf', name='Liberation Mono', style='italic', variant='normal', weight=400, stretch='normal', size='scalable')) = 11.05
[2025-03-01 13:39:09,794][DEBUG] findfont: score(FontEntry(fname='/usr/share/fonts/truetype/liberation/LiberationSerif-BoldItalic.ttf', name='Liberation Serif', style='italic', variant='normal', weight=700, stretch='normal', size='scalable')) = 11.335
[2025-03-01 13:39:09,794][DEBUG] findfont: score(FontEntry(fname='/usr/share/fonts/truetype/liberation/LiberationSerif-Regular.ttf', name='Liberation Serif', style='normal', variant='normal', weight=400, stretch='normal', size='scalable')) = 10.05
[2025-03-01 13:39:09,794][DEBUG] findfont: score(FontEntry(fname='/usr/share/fonts/truetype/liberation/LiberationMono-BoldItalic.ttf', name='Liberation Mono', style='italic', variant='normal', weight=700, stretch='normal', size='scalable')) = 11.335
[2025-03-01 13:39:09,794][DEBUG] findfont: score(FontEntry(fname='/usr/share/fonts/truetype/liberation/LiberationSansNarrow-Italic.ttf', name='Liberation Sans Narrow', style='italic', variant='normal', weight=400, stretch='condensed', size='scalable')) = 11.25
[2025-03-01 13:39:09,794][DEBUG] findfont: score(FontEntry(fname='/usr/share/fonts/truetype/liberation/LiberationMono-Regular.ttf', name='Liberation Mono', style='normal', variant='normal', weight=400, stretch='normal', size='scalable')) = 10.05
[2025-03-01 13:39:09,794][DEBUG] findfont: score(FontEntry(fname='/usr/share/fonts/truetype/liberation/LiberationSans-Italic.ttf', name='Liberation Sans', style='italic', variant='normal', weight=400, stretch='normal', size='scalable')) = 11.05
[2025-03-01 13:39:09,794][DEBUG] findfont: score(FontEntry(fname='/usr/share/fonts/truetype/humor-sans/Humor-Sans.ttf', name='Humor Sans', style='normal', variant='normal', weight=400, stretch='normal', size='scalable')) = 10.05
[2025-03-01 13:39:09,794][DEBUG] findfont: score(FontEntry(fname='/usr/share/fonts/truetype/liberation/LiberationMono-Bold.ttf', name='Liberation Mono', style='normal', variant='normal', weight=700, stretch='normal', size='scalable')) = 10.335
[2025-03-01 13:39:09,794][DEBUG] findfont: score(FontEntry(fname='/usr/share/fonts/truetype/liberation/LiberationSans-BoldItalic.ttf', name='Liberation Sans', style='italic', variant='normal', weight=700, stretch='normal', size='scalable')) = 11.335
[2025-03-01 13:39:09,795][DEBUG] findfont: score(FontEntry(fname='/usr/share/fonts/truetype/liberation/LiberationSansNarrow-Bold.ttf', name='Liberation Sans Narrow', style='normal', variant='normal', weight=700, stretch='condensed', size='scalable')) = 10.535
[2025-03-01 13:39:09,795][DEBUG] findfont: score(FontEntry(fname='/usr/share/fonts/truetype/liberation/LiberationSans-Bold.ttf', name='Liberation Sans', style='normal', variant='normal', weight=700, stretch='normal', size='scalable')) = 10.335
[2025-03-01 13:39:09,795][DEBUG] findfont: score(FontEntry(fname='/usr/share/fonts/truetype/liberation/LiberationSansNarrow-BoldItalic.ttf', name='Liberation Sans Narrow', style='italic', variant='normal', weight=700, stretch='condensed', size='scalable')) = 11.535
[2025-03-01 13:39:09,795][DEBUG] findfont: Matching sans\-serif:style=normal:variant=normal:weight=normal:stretch=normal:size=12.0 to DejaVu Sans ('/usr/local/lib/python3.11/dist-packages/matplotlib/mpl-data/fonts/ttf/DejaVuSans.ttf') with score of 0.050000.
