[2025-03-05 01:12:20,242][INFO] step 0: train loss 4.3911, val loss 4.3923
[2025-03-05 01:12:24,593][INFO] iter 0: loss 4.3953
[2025-03-05 01:13:01,063][INFO] iter 100: loss 3.6481
[2025-03-05 01:13:37,685][INFO] iter 200: loss 2.5269
[2025-03-05 01:14:14,165][INFO] iter 300: loss 1.8214
[2025-03-05 01:14:50,655][INFO] iter 400: loss 1.4534
[2025-03-05 01:15:27,127][INFO] iter 500: loss 1.2376
[2025-03-05 01:16:03,612][INFO] iter 600: loss 1.1660
[2025-03-05 01:16:40,077][INFO] iter 700: loss 1.1030
[2025-03-05 01:17:16,552][INFO] iter 800: loss 1.0648
[2025-03-05 01:17:53,010][INFO] iter 900: loss 1.0485
[2025-03-05 01:21:01,176][INFO] step 1000: train loss 1.0225, val loss 1.0245
[2025-03-05 01:21:01,177][INFO] saving checkpoint to out/list_1_1_120_100_list
[2025-03-05 01:21:01,553][INFO] iter 1000: loss 1.0148
[2025-03-05 01:21:38,024][INFO] iter 1100: loss 1.0224
[2025-03-05 01:22:14,582][INFO] iter 1200: loss 0.9914
[2025-03-05 01:22:51,076][INFO] iter 1300: loss 0.9877
[2025-03-05 01:23:27,604][INFO] iter 1400: loss 0.9707
[2025-03-05 01:24:04,246][INFO] iter 1500: loss 0.9665
[2025-03-05 01:24:40,811][INFO] iter 1600: loss 0.9634
[2025-03-05 01:25:17,347][INFO] iter 1700: loss 0.9498
[2025-03-05 01:25:53,938][INFO] iter 1800: loss 0.9567
[2025-03-05 01:26:30,597][INFO] iter 1900: loss 0.9510
[2025-03-05 01:29:39,187][INFO] step 2000: train loss 0.9402, val loss 0.9426
[2025-03-05 01:29:39,188][INFO] saving checkpoint to out/list_1_1_120_100_list
[2025-03-05 01:29:39,561][INFO] iter 2000: loss 0.9341
[2025-03-05 01:30:16,027][INFO] iter 2100: loss 0.9405
[2025-03-05 01:30:52,578][INFO] iter 2200: loss 0.9207
[2025-03-05 01:31:29,099][INFO] iter 2300: loss 0.9392
[2025-03-05 01:32:05,662][INFO] iter 2400: loss 0.9218
[2025-03-05 01:32:42,298][INFO] iter 2500: loss 0.9240
[2025-03-05 01:33:18,930][INFO] iter 2600: loss 0.9257
[2025-03-05 01:33:55,510][INFO] iter 2700: loss 0.9243
[2025-03-05 01:34:32,214][INFO] iter 2800: loss 0.9104
[2025-03-05 01:35:08,844][INFO] iter 2900: loss 0.9054
[2025-03-05 01:38:17,336][INFO] step 3000: train loss 0.9115, val loss 0.9152
[2025-03-05 01:38:17,337][INFO] saving checkpoint to out/list_1_1_120_100_list
[2025-03-05 01:38:17,722][INFO] iter 3000: loss 0.8998
[2025-03-05 01:38:54,414][INFO] iter 3100: loss 0.9124
[2025-03-05 01:39:30,984][INFO] iter 3200: loss 0.9010
[2025-03-05 01:40:07,633][INFO] iter 3300: loss 0.9076
[2025-03-05 01:40:44,240][INFO] iter 3400: loss 0.9058
[2025-03-05 01:41:20,893][INFO] iter 3500: loss 0.9045
[2025-03-05 01:41:57,556][INFO] iter 3600: loss 0.9012
[2025-03-05 01:42:34,225][INFO] iter 3700: loss 0.8988
[2025-03-05 01:43:10,873][INFO] iter 3800: loss 0.8906
[2025-03-05 01:43:47,567][INFO] iter 3900: loss 0.8977
[2025-03-05 01:46:55,091][INFO] step 4000: train loss 0.8965, val loss 0.8984
[2025-03-05 01:46:55,092][INFO] saving checkpoint to out/list_1_1_120_100_list
[2025-03-05 01:46:55,476][INFO] iter 4000: loss 0.9024
[2025-03-05 01:47:32,006][INFO] iter 4100: loss 0.9045
[2025-03-05 01:48:08,711][INFO] iter 4200: loss 0.8818
[2025-03-05 01:48:45,320][INFO] iter 4300: loss 0.8906
[2025-03-05 01:49:21,985][INFO] iter 4400: loss 0.8756
[2025-03-05 01:49:58,602][INFO] iter 4500: loss 0.8801
[2025-03-05 01:50:35,349][INFO] iter 4600: loss 0.8834
[2025-03-05 01:51:11,974][INFO] iter 4700: loss 0.8714
[2025-03-05 01:51:48,610][INFO] iter 4800: loss 0.8820
[2025-03-05 01:52:25,313][INFO] iter 4900: loss 0.8919
[2025-03-05 01:55:32,871][INFO] step 5000: train loss 0.8780, val loss 0.8788
[2025-03-05 01:55:32,871][INFO] saving checkpoint to out/list_1_1_120_100_list
[2025-03-05 01:55:33,251][INFO] iter 5000: loss 0.8751
[2025-03-05 01:56:09,778][INFO] iter 5100: loss 0.8892
[2025-03-05 01:56:46,470][INFO] iter 5200: loss 0.8804
[2025-03-05 01:57:23,100][INFO] iter 5300: loss 0.8654
[2025-03-05 01:57:59,744][INFO] iter 5400: loss 0.8741
[2025-03-05 01:58:36,448][INFO] iter 5500: loss 0.8662
[2025-03-05 01:59:13,042][INFO] iter 5600: loss 0.8742
[2025-03-05 01:59:49,638][INFO] iter 5700: loss 0.8674
[2025-03-05 02:00:26,330][INFO] iter 5800: loss 0.8690
[2025-03-05 02:01:03,006][INFO] iter 5900: loss 0.8655
[2025-03-05 02:04:11,167][INFO] step 6000: train loss 0.8696, val loss 0.8712
[2025-03-05 02:04:11,167][INFO] saving checkpoint to out/list_1_1_120_100_list
[2025-03-05 02:04:11,550][INFO] iter 6000: loss 0.8559
[2025-03-05 02:04:48,211][INFO] iter 6100: loss 0.8721
[2025-03-05 02:05:24,985][INFO] iter 6200: loss 0.8541
[2025-03-05 02:06:01,741][INFO] iter 6300: loss 0.8675
[2025-03-05 02:06:38,324][INFO] iter 6400: loss 0.8649
[2025-03-05 02:07:14,989][INFO] iter 6500: loss 0.8684
[2025-03-05 02:07:51,661][INFO] iter 6600: loss 0.8677
[2025-03-05 02:08:28,292][INFO] iter 6700: loss 0.8601
[2025-03-05 02:09:04,919][INFO] iter 6800: loss 0.8562
[2025-03-05 02:09:41,624][INFO] iter 6900: loss 0.8649
[2025-03-05 02:12:48,351][INFO] step 7000: train loss 0.8599, val loss 0.8603
[2025-03-05 02:12:48,351][INFO] saving checkpoint to out/list_1_1_120_100_list
[2025-03-05 02:12:48,734][INFO] iter 7000: loss 0.8552
[2025-03-05 02:13:25,259][INFO] iter 7100: loss 0.8578
[2025-03-05 02:14:01,964][INFO] iter 7200: loss 0.8583
[2025-03-05 02:14:38,608][INFO] iter 7300: loss 0.8710
[2025-03-05 02:15:15,259][INFO] iter 7400: loss 0.8579
[2025-03-05 02:15:51,948][INFO] iter 7500: loss 0.8496
[2025-03-05 02:16:28,591][INFO] iter 7600: loss 0.8468
[2025-03-05 02:17:05,218][INFO] iter 7700: loss 0.8492
[2025-03-05 02:17:41,931][INFO] iter 7800: loss 0.8476
[2025-03-05 02:18:18,643][INFO] iter 7900: loss 0.8556
[2025-03-05 02:21:26,171][INFO] step 8000: train loss 0.8557, val loss 0.8579
[2025-03-05 02:21:26,172][INFO] saving checkpoint to out/list_1_1_120_100_list
[2025-03-05 02:21:26,554][INFO] iter 8000: loss 0.8529
[2025-03-05 02:22:03,115][INFO] iter 8100: loss 0.8520
[2025-03-05 02:22:39,779][INFO] iter 8200: loss 0.8488
[2025-03-05 02:23:16,390][INFO] iter 8300: loss 0.8545
[2025-03-05 02:23:52,974][INFO] iter 8400: loss 0.8490
[2025-03-05 02:24:29,707][INFO] iter 8500: loss 0.8465
[2025-03-05 02:25:06,346][INFO] iter 8600: loss 0.8597
[2025-03-05 02:25:43,027][INFO] iter 8700: loss 0.8579
[2025-03-05 02:26:19,758][INFO] iter 8800: loss 0.8440
[2025-03-05 02:26:56,331][INFO] iter 8900: loss 0.8534
[2025-03-05 02:30:03,555][INFO] step 9000: train loss 0.8508, val loss 0.8514
[2025-03-05 02:30:03,556][INFO] saving checkpoint to out/list_1_1_120_100_list
[2025-03-05 02:30:03,939][INFO] iter 9000: loss 0.8539
[2025-03-05 02:30:40,498][INFO] iter 9100: loss 0.8503
[2025-03-05 02:31:17,136][INFO] iter 9200: loss 0.8406
[2025-03-05 02:31:53,795][INFO] iter 9300: loss 0.8487
[2025-03-05 02:32:30,441][INFO] iter 9400: loss 0.8484
[2025-03-05 02:33:07,073][INFO] iter 9500: loss 0.8493
[2025-03-05 02:33:43,738][INFO] iter 9600: loss 0.8453
[2025-03-05 02:34:20,457][INFO] iter 9700: loss 0.8486
[2025-03-05 02:34:57,065][INFO] iter 9800: loss 0.8419
[2025-03-05 02:35:33,740][INFO] iter 9900: loss 0.8458
[2025-03-05 02:38:40,411][INFO] step 10000: train loss 0.8491, val loss 0.8506
[2025-03-05 02:38:40,411][INFO] saving checkpoint to out/list_1_1_120_100_list
[2025-03-05 02:38:40,786][INFO] iter 10000: loss 0.8454
[2025-03-05 02:38:40,968][DEBUG] Loaded backend module://matplotlib_inline.backend_inline version unknown.
[2025-03-05 02:38:40,988][DEBUG] findfont: Matching sans\-serif:style=normal:variant=normal:weight=normal:stretch=normal:size=10.0.
[2025-03-05 02:38:40,989][DEBUG] findfont: score(FontEntry(fname='/usr/local/lib/python3.11/dist-packages/matplotlib/mpl-data/fonts/ttf/STIXGeneralItalic.ttf', name='STIXGeneral', style='italic', variant='normal', weight=400, stretch='normal', size='scalable')) = 11.05
[2025-03-05 02:38:40,989][DEBUG] findfont: score(FontEntry(fname='/usr/local/lib/python3.11/dist-packages/matplotlib/mpl-data/fonts/ttf/DejaVuSans.ttf', name='DejaVu Sans', style='normal', variant='normal', weight=400, stretch='normal', size='scalable')) = 0.05
[2025-03-05 02:38:40,989][DEBUG] findfont: score(FontEntry(fname='/usr/local/lib/python3.11/dist-packages/matplotlib/mpl-data/fonts/ttf/STIXGeneralBol.ttf', name='STIXGeneral', style='normal', variant='normal', weight=700, stretch='normal', size='scalable')) = 10.335
[2025-03-05 02:38:40,989][DEBUG] findfont: score(FontEntry(fname='/usr/local/lib/python3.11/dist-packages/matplotlib/mpl-data/fonts/ttf/DejaVuSerif-BoldItalic.ttf', name='DejaVu Serif', style='italic', variant='normal', weight=700, stretch='normal', size='scalable')) = 11.335
[2025-03-05 02:38:40,989][DEBUG] findfont: score(FontEntry(fname='/usr/local/lib/python3.11/dist-packages/matplotlib/mpl-data/fonts/ttf/STIXSizOneSymBol.ttf', name='STIXSizeOneSym', style='normal', variant='normal', weight=700, stretch='normal', size='scalable')) = 10.335
[2025-03-05 02:38:40,989][DEBUG] findfont: score(FontEntry(fname='/usr/local/lib/python3.11/dist-packages/matplotlib/mpl-data/fonts/ttf/STIXGeneralBolIta.ttf', name='STIXGeneral', style='italic', variant='normal', weight=700, stretch='normal', size='scalable')) = 11.335
[2025-03-05 02:38:40,989][DEBUG] findfont: score(FontEntry(fname='/usr/local/lib/python3.11/dist-packages/matplotlib/mpl-data/fonts/ttf/STIXSizFourSymReg.ttf', name='STIXSizeFourSym', style='normal', variant='normal', weight=400, stretch='normal', size='scalable')) = 10.05
[2025-03-05 02:38:40,989][DEBUG] findfont: score(FontEntry(fname='/usr/local/lib/python3.11/dist-packages/matplotlib/mpl-data/fonts/ttf/cmb10.ttf', name='cmb10', style='normal', variant='normal', weight=400, stretch='normal', size='scalable')) = 10.05
[2025-03-05 02:38:40,989][DEBUG] findfont: score(FontEntry(fname='/usr/local/lib/python3.11/dist-packages/matplotlib/mpl-data/fonts/ttf/STIXSizOneSymReg.ttf', name='STIXSizeOneSym', style='normal', variant='normal', weight=400, stretch='normal', size='scalable')) = 10.05
[2025-03-05 02:38:40,989][DEBUG] findfont: score(FontEntry(fname='/usr/local/lib/python3.11/dist-packages/matplotlib/mpl-data/fonts/ttf/DejaVuSansMono-Bold.ttf', name='DejaVu Sans Mono', style='normal', variant='normal', weight=700, stretch='normal', size='scalable')) = 10.335
[2025-03-05 02:38:40,989][DEBUG] findfont: score(FontEntry(fname='/usr/local/lib/python3.11/dist-packages/matplotlib/mpl-data/fonts/ttf/DejaVuSansMono.ttf', name='DejaVu Sans Mono', style='normal', variant='normal', weight=400, stretch='normal', size='scalable')) = 10.05
[2025-03-05 02:38:40,989][DEBUG] findfont: score(FontEntry(fname='/usr/local/lib/python3.11/dist-packages/matplotlib/mpl-data/fonts/ttf/DejaVuSerif.ttf', name='DejaVu Serif', style='normal', variant='normal', weight=400, stretch='normal', size='scalable')) = 10.05
[2025-03-05 02:38:40,989][DEBUG] findfont: score(FontEntry(fname='/usr/local/lib/python3.11/dist-packages/matplotlib/mpl-data/fonts/ttf/STIXGeneral.ttf', name='STIXGeneral', style='normal', variant='normal', weight=400, stretch='normal', size='scalable')) = 10.05
[2025-03-05 02:38:40,989][DEBUG] findfont: score(FontEntry(fname='/usr/local/lib/python3.11/dist-packages/matplotlib/mpl-data/fonts/ttf/cmr10.ttf', name='cmr10', style='normal', variant='normal', weight=400, stretch='normal', size='scalable')) = 10.05
[2025-03-05 02:38:40,989][DEBUG] findfont: score(FontEntry(fname='/usr/local/lib/python3.11/dist-packages/matplotlib/mpl-data/fonts/ttf/DejaVuSerifDisplay.ttf', name='DejaVu Serif Display', style='normal', variant='normal', weight=400, stretch='normal', size='scalable')) = 10.05
[2025-03-05 02:38:40,989][DEBUG] findfont: score(FontEntry(fname='/usr/local/lib/python3.11/dist-packages/matplotlib/mpl-data/fonts/ttf/DejaVuSerif-Bold.ttf', name='DejaVu Serif', style='normal', variant='normal', weight=700, stretch='normal', size='scalable')) = 10.335
[2025-03-05 02:38:40,989][DEBUG] findfont: score(FontEntry(fname='/usr/local/lib/python3.11/dist-packages/matplotlib/mpl-data/fonts/ttf/DejaVuSans-BoldOblique.ttf', name='DejaVu Sans', style='oblique', variant='normal', weight=700, stretch='normal', size='scalable')) = 1.335
[2025-03-05 02:38:40,990][DEBUG] findfont: score(FontEntry(fname='/usr/local/lib/python3.11/dist-packages/matplotlib/mpl-data/fonts/ttf/cmsy10.ttf', name='cmsy10', style='normal', variant='normal', weight=400, stretch='normal', size='scalable')) = 10.05
[2025-03-05 02:38:40,990][DEBUG] findfont: score(FontEntry(fname='/usr/local/lib/python3.11/dist-packages/matplotlib/mpl-data/fonts/ttf/STIXSizTwoSymBol.ttf', name='STIXSizeTwoSym', style='normal', variant='normal', weight=700, stretch='normal', size='scalable')) = 10.335
[2025-03-05 02:38:40,990][DEBUG] findfont: score(FontEntry(fname='/usr/local/lib/python3.11/dist-packages/matplotlib/mpl-data/fonts/ttf/DejaVuSans-Bold.ttf', name='DejaVu Sans', style='normal', variant='normal', weight=700, stretch='normal', size='scalable')) = 0.33499999999999996
[2025-03-05 02:38:40,990][DEBUG] findfont: score(FontEntry(fname='/usr/local/lib/python3.11/dist-packages/matplotlib/mpl-data/fonts/ttf/STIXSizThreeSymBol.ttf', name='STIXSizeThreeSym', style='normal', variant='normal', weight=700, stretch='normal', size='scalable')) = 10.335
[2025-03-05 02:38:40,990][DEBUG] findfont: score(FontEntry(fname='/usr/local/lib/python3.11/dist-packages/matplotlib/mpl-data/fonts/ttf/STIXNonUni.ttf', name='STIXNonUnicode', style='normal', variant='normal', weight=400, stretch='normal', size='scalable')) = 10.05
[2025-03-05 02:38:40,990][DEBUG] findfont: score(FontEntry(fname='/usr/local/lib/python3.11/dist-packages/matplotlib/mpl-data/fonts/ttf/cmex10.ttf', name='cmex10', style='normal', variant='normal', weight=400, stretch='normal', size='scalable')) = 10.05
[2025-03-05 02:38:40,990][DEBUG] findfont: score(FontEntry(fname='/usr/local/lib/python3.11/dist-packages/matplotlib/mpl-data/fonts/ttf/STIXSizFourSymBol.ttf', name='STIXSizeFourSym', style='normal', variant='normal', weight=700, stretch='normal', size='scalable')) = 10.335
[2025-03-05 02:38:40,990][DEBUG] findfont: score(FontEntry(fname='/usr/local/lib/python3.11/dist-packages/matplotlib/mpl-data/fonts/ttf/cmss10.ttf', name='cmss10', style='normal', variant='normal', weight=400, stretch='normal', size='scalable')) = 10.05
[2025-03-05 02:38:40,990][DEBUG] findfont: score(FontEntry(fname='/usr/local/lib/python3.11/dist-packages/matplotlib/mpl-data/fonts/ttf/STIXSizFiveSymReg.ttf', name='STIXSizeFiveSym', style='normal', variant='normal', weight=400, stretch='normal', size='scalable')) = 10.05
[2025-03-05 02:38:40,990][DEBUG] findfont: score(FontEntry(fname='/usr/local/lib/python3.11/dist-packages/matplotlib/mpl-data/fonts/ttf/STIXSizTwoSymReg.ttf', name='STIXSizeTwoSym', style='normal', variant='normal', weight=400, stretch='normal', size='scalable')) = 10.05
[2025-03-05 02:38:40,990][DEBUG] findfont: score(FontEntry(fname='/usr/local/lib/python3.11/dist-packages/matplotlib/mpl-data/fonts/ttf/STIXNonUniIta.ttf', name='STIXNonUnicode', style='italic', variant='normal', weight=400, stretch='normal', size='scalable')) = 11.05
[2025-03-05 02:38:40,990][DEBUG] findfont: score(FontEntry(fname='/usr/local/lib/python3.11/dist-packages/matplotlib/mpl-data/fonts/ttf/DejaVuSerif-Italic.ttf', name='DejaVu Serif', style='italic', variant='normal', weight=400, stretch='normal', size='scalable')) = 11.05
[2025-03-05 02:38:40,990][DEBUG] findfont: score(FontEntry(fname='/usr/local/lib/python3.11/dist-packages/matplotlib/mpl-data/fonts/ttf/cmmi10.ttf', name='cmmi10', style='normal', variant='normal', weight=400, stretch='normal', size='scalable')) = 10.05
[2025-03-05 02:38:40,990][DEBUG] findfont: score(FontEntry(fname='/usr/local/lib/python3.11/dist-packages/matplotlib/mpl-data/fonts/ttf/cmtt10.ttf', name='cmtt10', style='normal', variant='normal', weight=400, stretch='normal', size='scalable')) = 10.05
[2025-03-05 02:38:40,990][DEBUG] findfont: score(FontEntry(fname='/usr/local/lib/python3.11/dist-packages/matplotlib/mpl-data/fonts/ttf/DejaVuSansDisplay.ttf', name='DejaVu Sans Display', style='normal', variant='normal', weight=400, stretch='normal', size='scalable')) = 10.05
[2025-03-05 02:38:40,990][DEBUG] findfont: score(FontEntry(fname='/usr/local/lib/python3.11/dist-packages/matplotlib/mpl-data/fonts/ttf/DejaVuSansMono-Oblique.ttf', name='DejaVu Sans Mono', style='oblique', variant='normal', weight=400, stretch='normal', size='scalable')) = 11.05
[2025-03-05 02:38:40,990][DEBUG] findfont: score(FontEntry(fname='/usr/local/lib/python3.11/dist-packages/matplotlib/mpl-data/fonts/ttf/STIXNonUniBol.ttf', name='STIXNonUnicode', style='normal', variant='normal', weight=700, stretch='normal', size='scalable')) = 10.335
[2025-03-05 02:38:40,990][DEBUG] findfont: score(FontEntry(fname='/usr/local/lib/python3.11/dist-packages/matplotlib/mpl-data/fonts/ttf/DejaVuSans-Oblique.ttf', name='DejaVu Sans', style='oblique', variant='normal', weight=400, stretch='normal', size='scalable')) = 1.05
[2025-03-05 02:38:40,990][DEBUG] findfont: score(FontEntry(fname='/usr/local/lib/python3.11/dist-packages/matplotlib/mpl-data/fonts/ttf/STIXSizThreeSymReg.ttf', name='STIXSizeThreeSym', style='normal', variant='normal', weight=400, stretch='normal', size='scalable')) = 10.05
[2025-03-05 02:38:40,990][DEBUG] findfont: score(FontEntry(fname='/usr/local/lib/python3.11/dist-packages/matplotlib/mpl-data/fonts/ttf/STIXNonUniBolIta.ttf', name='STIXNonUnicode', style='italic', variant='normal', weight=700, stretch='normal', size='scalable')) = 11.335
[2025-03-05 02:38:40,990][DEBUG] findfont: score(FontEntry(fname='/usr/local/lib/python3.11/dist-packages/matplotlib/mpl-data/fonts/ttf/DejaVuSansMono-BoldOblique.ttf', name='DejaVu Sans Mono', style='oblique', variant='normal', weight=700, stretch='normal', size='scalable')) = 11.335
[2025-03-05 02:38:40,990][DEBUG] findfont: score(FontEntry(fname='/usr/share/fonts/truetype/liberation/LiberationSerif-BoldItalic.ttf', name='Liberation Serif', style='italic', variant='normal', weight=700, stretch='normal', size='scalable')) = 11.335
[2025-03-05 02:38:40,990][DEBUG] findfont: score(FontEntry(fname='/usr/share/fonts/truetype/liberation/LiberationMono-BoldItalic.ttf', name='Liberation Mono', style='italic', variant='normal', weight=700, stretch='normal', size='scalable')) = 11.335
[2025-03-05 02:38:40,990][DEBUG] findfont: score(FontEntry(fname='/usr/share/fonts/truetype/liberation/LiberationSansNarrow-Italic.ttf', name='Liberation Sans Narrow', style='italic', variant='normal', weight=400, stretch='condensed', size='scalable')) = 11.25
[2025-03-05 02:38:40,990][DEBUG] findfont: score(FontEntry(fname='/usr/share/fonts/truetype/liberation/LiberationSans-Regular.ttf', name='Liberation Sans', style='normal', variant='normal', weight=400, stretch='normal', size='scalable')) = 10.05
[2025-03-05 02:38:40,990][DEBUG] findfont: score(FontEntry(fname='/usr/share/fonts/truetype/liberation/LiberationSerif-Regular.ttf', name='Liberation Serif', style='normal', variant='normal', weight=400, stretch='normal', size='scalable')) = 10.05
[2025-03-05 02:38:40,991][DEBUG] findfont: score(FontEntry(fname='/usr/share/fonts/truetype/liberation/LiberationSerif-Italic.ttf', name='Liberation Serif', style='italic', variant='normal', weight=400, stretch='normal', size='scalable')) = 11.05
[2025-03-05 02:38:40,991][DEBUG] findfont: score(FontEntry(fname='/usr/share/fonts/truetype/liberation/LiberationMono-Regular.ttf', name='Liberation Mono', style='normal', variant='normal', weight=400, stretch='normal', size='scalable')) = 10.05
[2025-03-05 02:38:40,991][DEBUG] findfont: score(FontEntry(fname='/usr/share/fonts/truetype/liberation/LiberationMono-Bold.ttf', name='Liberation Mono', style='normal', variant='normal', weight=700, stretch='normal', size='scalable')) = 10.335
[2025-03-05 02:38:40,991][DEBUG] findfont: score(FontEntry(fname='/usr/share/fonts/truetype/liberation/LiberationSansNarrow-BoldItalic.ttf', name='Liberation Sans Narrow', style='italic', variant='normal', weight=700, stretch='condensed', size='scalable')) = 11.535
[2025-03-05 02:38:40,991][DEBUG] findfont: score(FontEntry(fname='/usr/share/fonts/truetype/humor-sans/Humor-Sans.ttf', name='Humor Sans', style='normal', variant='normal', weight=400, stretch='normal', size='scalable')) = 10.05
[2025-03-05 02:38:40,991][DEBUG] findfont: score(FontEntry(fname='/usr/share/fonts/truetype/liberation/LiberationSans-Italic.ttf', name='Liberation Sans', style='italic', variant='normal', weight=400, stretch='normal', size='scalable')) = 11.05
[2025-03-05 02:38:40,991][DEBUG] findfont: score(FontEntry(fname='/usr/share/fonts/truetype/liberation/LiberationSerif-Bold.ttf', name='Liberation Serif', style='normal', variant='normal', weight=700, stretch='normal', size='scalable')) = 10.335
[2025-03-05 02:38:40,991][DEBUG] findfont: score(FontEntry(fname='/usr/share/fonts/truetype/liberation/LiberationMono-Italic.ttf', name='Liberation Mono', style='italic', variant='normal', weight=400, stretch='normal', size='scalable')) = 11.05
[2025-03-05 02:38:40,991][DEBUG] findfont: score(FontEntry(fname='/usr/share/fonts/truetype/liberation/LiberationSans-Bold.ttf', name='Liberation Sans', style='normal', variant='normal', weight=700, stretch='normal', size='scalable')) = 10.335
[2025-03-05 02:38:40,991][DEBUG] findfont: score(FontEntry(fname='/usr/share/fonts/truetype/liberation/LiberationSans-BoldItalic.ttf', name='Liberation Sans', style='italic', variant='normal', weight=700, stretch='normal', size='scalable')) = 11.335
[2025-03-05 02:38:40,991][DEBUG] findfont: score(FontEntry(fname='/usr/share/fonts/truetype/liberation/LiberationSansNarrow-Bold.ttf', name='Liberation Sans Narrow', style='normal', variant='normal', weight=700, stretch='condensed', size='scalable')) = 10.535
[2025-03-05 02:38:40,991][DEBUG] findfont: score(FontEntry(fname='/usr/share/fonts/truetype/liberation/LiberationSansNarrow-Regular.ttf', name='Liberation Sans Narrow', style='normal', variant='normal', weight=400, stretch='condensed', size='scalable')) = 10.25
[2025-03-05 02:38:40,991][DEBUG] findfont: Matching sans\-serif:style=normal:variant=normal:weight=normal:stretch=normal:size=10.0 to DejaVu Sans ('/usr/local/lib/python3.11/dist-packages/matplotlib/mpl-data/fonts/ttf/DejaVuSans.ttf') with score of 0.050000.
[2025-03-05 02:38:41,078][DEBUG] findfont: Matching sans\-serif:style=normal:variant=normal:weight=normal:stretch=normal:size=12.0.
[2025-03-05 02:38:41,078][DEBUG] findfont: score(FontEntry(fname='/usr/local/lib/python3.11/dist-packages/matplotlib/mpl-data/fonts/ttf/STIXGeneralItalic.ttf', name='STIXGeneral', style='italic', variant='normal', weight=400, stretch='normal', size='scalable')) = 11.05
[2025-03-05 02:38:41,079][DEBUG] findfont: score(FontEntry(fname='/usr/local/lib/python3.11/dist-packages/matplotlib/mpl-data/fonts/ttf/DejaVuSans.ttf', name='DejaVu Sans', style='normal', variant='normal', weight=400, stretch='normal', size='scalable')) = 0.05
[2025-03-05 02:38:41,079][DEBUG] findfont: score(FontEntry(fname='/usr/local/lib/python3.11/dist-packages/matplotlib/mpl-data/fonts/ttf/STIXGeneralBol.ttf', name='STIXGeneral', style='normal', variant='normal', weight=700, stretch='normal', size='scalable')) = 10.335
[2025-03-05 02:38:41,079][DEBUG] findfont: score(FontEntry(fname='/usr/local/lib/python3.11/dist-packages/matplotlib/mpl-data/fonts/ttf/DejaVuSerif-BoldItalic.ttf', name='DejaVu Serif', style='italic', variant='normal', weight=700, stretch='normal', size='scalable')) = 11.335
[2025-03-05 02:38:41,079][DEBUG] findfont: score(FontEntry(fname='/usr/local/lib/python3.11/dist-packages/matplotlib/mpl-data/fonts/ttf/STIXSizOneSymBol.ttf', name='STIXSizeOneSym', style='normal', variant='normal', weight=700, stretch='normal', size='scalable')) = 10.335
[2025-03-05 02:38:41,079][DEBUG] findfont: score(FontEntry(fname='/usr/local/lib/python3.11/dist-packages/matplotlib/mpl-data/fonts/ttf/STIXGeneralBolIta.ttf', name='STIXGeneral', style='italic', variant='normal', weight=700, stretch='normal', size='scalable')) = 11.335
[2025-03-05 02:38:41,079][DEBUG] findfont: score(FontEntry(fname='/usr/local/lib/python3.11/dist-packages/matplotlib/mpl-data/fonts/ttf/STIXSizFourSymReg.ttf', name='STIXSizeFourSym', style='normal', variant='normal', weight=400, stretch='normal', size='scalable')) = 10.05
[2025-03-05 02:38:41,079][DEBUG] findfont: score(FontEntry(fname='/usr/local/lib/python3.11/dist-packages/matplotlib/mpl-data/fonts/ttf/cmb10.ttf', name='cmb10', style='normal', variant='normal', weight=400, stretch='normal', size='scalable')) = 10.05
[2025-03-05 02:38:41,079][DEBUG] findfont: score(FontEntry(fname='/usr/local/lib/python3.11/dist-packages/matplotlib/mpl-data/fonts/ttf/STIXSizOneSymReg.ttf', name='STIXSizeOneSym', style='normal', variant='normal', weight=400, stretch='normal', size='scalable')) = 10.05
[2025-03-05 02:38:41,079][DEBUG] findfont: score(FontEntry(fname='/usr/local/lib/python3.11/dist-packages/matplotlib/mpl-data/fonts/ttf/DejaVuSansMono-Bold.ttf', name='DejaVu Sans Mono', style='normal', variant='normal', weight=700, stretch='normal', size='scalable')) = 10.335
[2025-03-05 02:38:41,079][DEBUG] findfont: score(FontEntry(fname='/usr/local/lib/python3.11/dist-packages/matplotlib/mpl-data/fonts/ttf/DejaVuSansMono.ttf', name='DejaVu Sans Mono', style='normal', variant='normal', weight=400, stretch='normal', size='scalable')) = 10.05
[2025-03-05 02:38:41,079][DEBUG] findfont: score(FontEntry(fname='/usr/local/lib/python3.11/dist-packages/matplotlib/mpl-data/fonts/ttf/DejaVuSerif.ttf', name='DejaVu Serif', style='normal', variant='normal', weight=400, stretch='normal', size='scalable')) = 10.05
[2025-03-05 02:38:41,079][DEBUG] findfont: score(FontEntry(fname='/usr/local/lib/python3.11/dist-packages/matplotlib/mpl-data/fonts/ttf/STIXGeneral.ttf', name='STIXGeneral', style='normal', variant='normal', weight=400, stretch='normal', size='scalable')) = 10.05
[2025-03-05 02:38:41,079][DEBUG] findfont: score(FontEntry(fname='/usr/local/lib/python3.11/dist-packages/matplotlib/mpl-data/fonts/ttf/cmr10.ttf', name='cmr10', style='normal', variant='normal', weight=400, stretch='normal', size='scalable')) = 10.05
[2025-03-05 02:38:41,080][DEBUG] findfont: score(FontEntry(fname='/usr/local/lib/python3.11/dist-packages/matplotlib/mpl-data/fonts/ttf/DejaVuSerifDisplay.ttf', name='DejaVu Serif Display', style='normal', variant='normal', weight=400, stretch='normal', size='scalable')) = 10.05
[2025-03-05 02:38:41,080][DEBUG] findfont: score(FontEntry(fname='/usr/local/lib/python3.11/dist-packages/matplotlib/mpl-data/fonts/ttf/DejaVuSerif-Bold.ttf', name='DejaVu Serif', style='normal', variant='normal', weight=700, stretch='normal', size='scalable')) = 10.335
[2025-03-05 02:38:41,080][DEBUG] findfont: score(FontEntry(fname='/usr/local/lib/python3.11/dist-packages/matplotlib/mpl-data/fonts/ttf/DejaVuSans-BoldOblique.ttf', name='DejaVu Sans', style='oblique', variant='normal', weight=700, stretch='normal', size='scalable')) = 1.335
[2025-03-05 02:38:41,080][DEBUG] findfont: score(FontEntry(fname='/usr/local/lib/python3.11/dist-packages/matplotlib/mpl-data/fonts/ttf/cmsy10.ttf', name='cmsy10', style='normal', variant='normal', weight=400, stretch='normal', size='scalable')) = 10.05
[2025-03-05 02:38:41,080][DEBUG] findfont: score(FontEntry(fname='/usr/local/lib/python3.11/dist-packages/matplotlib/mpl-data/fonts/ttf/STIXSizTwoSymBol.ttf', name='STIXSizeTwoSym', style='normal', variant='normal', weight=700, stretch='normal', size='scalable')) = 10.335
[2025-03-05 02:38:41,080][DEBUG] findfont: score(FontEntry(fname='/usr/local/lib/python3.11/dist-packages/matplotlib/mpl-data/fonts/ttf/DejaVuSans-Bold.ttf', name='DejaVu Sans', style='normal', variant='normal', weight=700, stretch='normal', size='scalable')) = 0.33499999999999996
[2025-03-05 02:38:41,080][DEBUG] findfont: score(FontEntry(fname='/usr/local/lib/python3.11/dist-packages/matplotlib/mpl-data/fonts/ttf/STIXSizThreeSymBol.ttf', name='STIXSizeThreeSym', style='normal', variant='normal', weight=700, stretch='normal', size='scalable')) = 10.335
[2025-03-05 02:38:41,080][DEBUG] findfont: score(FontEntry(fname='/usr/local/lib/python3.11/dist-packages/matplotlib/mpl-data/fonts/ttf/STIXNonUni.ttf', name='STIXNonUnicode', style='normal', variant='normal', weight=400, stretch='normal', size='scalable')) = 10.05
[2025-03-05 02:38:41,080][DEBUG] findfont: score(FontEntry(fname='/usr/local/lib/python3.11/dist-packages/matplotlib/mpl-data/fonts/ttf/cmex10.ttf', name='cmex10', style='normal', variant='normal', weight=400, stretch='normal', size='scalable')) = 10.05
[2025-03-05 02:38:41,080][DEBUG] findfont: score(FontEntry(fname='/usr/local/lib/python3.11/dist-packages/matplotlib/mpl-data/fonts/ttf/STIXSizFourSymBol.ttf', name='STIXSizeFourSym', style='normal', variant='normal', weight=700, stretch='normal', size='scalable')) = 10.335
[2025-03-05 02:38:41,080][DEBUG] findfont: score(FontEntry(fname='/usr/local/lib/python3.11/dist-packages/matplotlib/mpl-data/fonts/ttf/cmss10.ttf', name='cmss10', style='normal', variant='normal', weight=400, stretch='normal', size='scalable')) = 10.05
[2025-03-05 02:38:41,080][DEBUG] findfont: score(FontEntry(fname='/usr/local/lib/python3.11/dist-packages/matplotlib/mpl-data/fonts/ttf/STIXSizFiveSymReg.ttf', name='STIXSizeFiveSym', style='normal', variant='normal', weight=400, stretch='normal', size='scalable')) = 10.05
[2025-03-05 02:38:41,080][DEBUG] findfont: score(FontEntry(fname='/usr/local/lib/python3.11/dist-packages/matplotlib/mpl-data/fonts/ttf/STIXSizTwoSymReg.ttf', name='STIXSizeTwoSym', style='normal', variant='normal', weight=400, stretch='normal', size='scalable')) = 10.05
[2025-03-05 02:38:41,080][DEBUG] findfont: score(FontEntry(fname='/usr/local/lib/python3.11/dist-packages/matplotlib/mpl-data/fonts/ttf/STIXNonUniIta.ttf', name='STIXNonUnicode', style='italic', variant='normal', weight=400, stretch='normal', size='scalable')) = 11.05
[2025-03-05 02:38:41,080][DEBUG] findfont: score(FontEntry(fname='/usr/local/lib/python3.11/dist-packages/matplotlib/mpl-data/fonts/ttf/DejaVuSerif-Italic.ttf', name='DejaVu Serif', style='italic', variant='normal', weight=400, stretch='normal', size='scalable')) = 11.05
[2025-03-05 02:38:41,080][DEBUG] findfont: score(FontEntry(fname='/usr/local/lib/python3.11/dist-packages/matplotlib/mpl-data/fonts/ttf/cmmi10.ttf', name='cmmi10', style='normal', variant='normal', weight=400, stretch='normal', size='scalable')) = 10.05
[2025-03-05 02:38:41,081][DEBUG] findfont: score(FontEntry(fname='/usr/local/lib/python3.11/dist-packages/matplotlib/mpl-data/fonts/ttf/cmtt10.ttf', name='cmtt10', style='normal', variant='normal', weight=400, stretch='normal', size='scalable')) = 10.05
[2025-03-05 02:38:41,081][DEBUG] findfont: score(FontEntry(fname='/usr/local/lib/python3.11/dist-packages/matplotlib/mpl-data/fonts/ttf/DejaVuSansDisplay.ttf', name='DejaVu Sans Display', style='normal', variant='normal', weight=400, stretch='normal', size='scalable')) = 10.05
[2025-03-05 02:38:41,081][DEBUG] findfont: score(FontEntry(fname='/usr/local/lib/python3.11/dist-packages/matplotlib/mpl-data/fonts/ttf/DejaVuSansMono-Oblique.ttf', name='DejaVu Sans Mono', style='oblique', variant='normal', weight=400, stretch='normal', size='scalable')) = 11.05
[2025-03-05 02:38:41,081][DEBUG] findfont: score(FontEntry(fname='/usr/local/lib/python3.11/dist-packages/matplotlib/mpl-data/fonts/ttf/STIXNonUniBol.ttf', name='STIXNonUnicode', style='normal', variant='normal', weight=700, stretch='normal', size='scalable')) = 10.335
[2025-03-05 02:38:41,081][DEBUG] findfont: score(FontEntry(fname='/usr/local/lib/python3.11/dist-packages/matplotlib/mpl-data/fonts/ttf/DejaVuSans-Oblique.ttf', name='DejaVu Sans', style='oblique', variant='normal', weight=400, stretch='normal', size='scalable')) = 1.05
[2025-03-05 02:38:41,081][DEBUG] findfont: score(FontEntry(fname='/usr/local/lib/python3.11/dist-packages/matplotlib/mpl-data/fonts/ttf/STIXSizThreeSymReg.ttf', name='STIXSizeThreeSym', style='normal', variant='normal', weight=400, stretch='normal', size='scalable')) = 10.05
[2025-03-05 02:38:41,081][DEBUG] findfont: score(FontEntry(fname='/usr/local/lib/python3.11/dist-packages/matplotlib/mpl-data/fonts/ttf/STIXNonUniBolIta.ttf', name='STIXNonUnicode', style='italic', variant='normal', weight=700, stretch='normal', size='scalable')) = 11.335
[2025-03-05 02:38:41,081][DEBUG] findfont: score(FontEntry(fname='/usr/local/lib/python3.11/dist-packages/matplotlib/mpl-data/fonts/ttf/DejaVuSansMono-BoldOblique.ttf', name='DejaVu Sans Mono', style='oblique', variant='normal', weight=700, stretch='normal', size='scalable')) = 11.335
[2025-03-05 02:38:41,081][DEBUG] findfont: score(FontEntry(fname='/usr/share/fonts/truetype/liberation/LiberationSerif-BoldItalic.ttf', name='Liberation Serif', style='italic', variant='normal', weight=700, stretch='normal', size='scalable')) = 11.335
[2025-03-05 02:38:41,081][DEBUG] findfont: score(FontEntry(fname='/usr/share/fonts/truetype/liberation/LiberationMono-BoldItalic.ttf', name='Liberation Mono', style='italic', variant='normal', weight=700, stretch='normal', size='scalable')) = 11.335
[2025-03-05 02:38:41,081][DEBUG] findfont: score(FontEntry(fname='/usr/share/fonts/truetype/liberation/LiberationSansNarrow-Italic.ttf', name='Liberation Sans Narrow', style='italic', variant='normal', weight=400, stretch='condensed', size='scalable')) = 11.25
[2025-03-05 02:38:41,081][DEBUG] findfont: score(FontEntry(fname='/usr/share/fonts/truetype/liberation/LiberationSans-Regular.ttf', name='Liberation Sans', style='normal', variant='normal', weight=400, stretch='normal', size='scalable')) = 10.05
[2025-03-05 02:38:41,081][DEBUG] findfont: score(FontEntry(fname='/usr/share/fonts/truetype/liberation/LiberationSerif-Regular.ttf', name='Liberation Serif', style='normal', variant='normal', weight=400, stretch='normal', size='scalable')) = 10.05
[2025-03-05 02:38:41,081][DEBUG] findfont: score(FontEntry(fname='/usr/share/fonts/truetype/liberation/LiberationSerif-Italic.ttf', name='Liberation Serif', style='italic', variant='normal', weight=400, stretch='normal', size='scalable')) = 11.05
[2025-03-05 02:38:41,081][DEBUG] findfont: score(FontEntry(fname='/usr/share/fonts/truetype/liberation/LiberationMono-Regular.ttf', name='Liberation Mono', style='normal', variant='normal', weight=400, stretch='normal', size='scalable')) = 10.05
[2025-03-05 02:38:41,081][DEBUG] findfont: score(FontEntry(fname='/usr/share/fonts/truetype/liberation/LiberationMono-Bold.ttf', name='Liberation Mono', style='normal', variant='normal', weight=700, stretch='normal', size='scalable')) = 10.335
[2025-03-05 02:38:41,081][DEBUG] findfont: score(FontEntry(fname='/usr/share/fonts/truetype/liberation/LiberationSansNarrow-BoldItalic.ttf', name='Liberation Sans Narrow', style='italic', variant='normal', weight=700, stretch='condensed', size='scalable')) = 11.535
[2025-03-05 02:38:41,082][DEBUG] findfont: score(FontEntry(fname='/usr/share/fonts/truetype/humor-sans/Humor-Sans.ttf', name='Humor Sans', style='normal', variant='normal', weight=400, stretch='normal', size='scalable')) = 10.05
[2025-03-05 02:38:41,082][DEBUG] findfont: score(FontEntry(fname='/usr/share/fonts/truetype/liberation/LiberationSans-Italic.ttf', name='Liberation Sans', style='italic', variant='normal', weight=400, stretch='normal', size='scalable')) = 11.05
[2025-03-05 02:38:41,082][DEBUG] findfont: score(FontEntry(fname='/usr/share/fonts/truetype/liberation/LiberationSerif-Bold.ttf', name='Liberation Serif', style='normal', variant='normal', weight=700, stretch='normal', size='scalable')) = 10.335
[2025-03-05 02:38:41,082][DEBUG] findfont: score(FontEntry(fname='/usr/share/fonts/truetype/liberation/LiberationMono-Italic.ttf', name='Liberation Mono', style='italic', variant='normal', weight=400, stretch='normal', size='scalable')) = 11.05
[2025-03-05 02:38:41,082][DEBUG] findfont: score(FontEntry(fname='/usr/share/fonts/truetype/liberation/LiberationSans-Bold.ttf', name='Liberation Sans', style='normal', variant='normal', weight=700, stretch='normal', size='scalable')) = 10.335
[2025-03-05 02:38:41,082][DEBUG] findfont: score(FontEntry(fname='/usr/share/fonts/truetype/liberation/LiberationSans-BoldItalic.ttf', name='Liberation Sans', style='italic', variant='normal', weight=700, stretch='normal', size='scalable')) = 11.335
[2025-03-05 02:38:41,082][DEBUG] findfont: score(FontEntry(fname='/usr/share/fonts/truetype/liberation/LiberationSansNarrow-Bold.ttf', name='Liberation Sans Narrow', style='normal', variant='normal', weight=700, stretch='condensed', size='scalable')) = 10.535
[2025-03-05 02:38:41,082][DEBUG] findfont: score(FontEntry(fname='/usr/share/fonts/truetype/liberation/LiberationSansNarrow-Regular.ttf', name='Liberation Sans Narrow', style='normal', variant='normal', weight=400, stretch='condensed', size='scalable')) = 10.25
[2025-03-05 02:38:41,082][DEBUG] findfont: Matching sans\-serif:style=normal:variant=normal:weight=normal:stretch=normal:size=12.0 to DejaVu Sans ('/usr/local/lib/python3.11/dist-packages/matplotlib/mpl-data/fonts/ttf/DejaVuSans.ttf') with score of 0.050000.
